<?xml version="1.0" encoding="UTF-8"?>
<TestRun id="e1363c75-c9ac-4a40-9054-9ce6cf2bdebf" name="Axinesis@PC-AXINESIS-004 2014-07-30 10:25:29" runUser="PC-AXINESIS-004\Axinesis" xmlns="http://microsoft.com/schemas/VisualStudio/TeamTest/2010">
  <TestSettings name="Paramètres de test par défaut" id="e59a25e9-b555-4cb9-960e-c3fbc70bee2e">
    <Deployment runDeploymentRoot="Axinesis_PC-AXINESIS-004 2014-07-30 10_25_29">
      <DeploymentItem filename="C:\Users\Axinesis\Desktop\Fusion\packages\CommonServiceLocator.1.3\lib\portable-net4+sl5+netcore45+wpa81+wp8\Microsoft.Practices.ServiceLocation.dll" />
      <DeploymentItem filename="C:\Users\Axinesis\Desktop\Fusion\packages\MvvmLightLibs.4.4.32.1\lib\net40\System.Windows.Interactivity.dll" />
      <DeploymentItem filename="C:\Users\Axinesis\Desktop\Fusion\AxCommunication\bin\Debug\AxCommunication.dll" />
      <DeploymentItem filename="C:\Users\Axinesis\Desktop\Fusion\packages\MvvmLightLibs.4.4.32.1\lib\net40\GalaSoft.MvvmLight.Extras.dll" />
      <DeploymentItem filename="C:\Users\Axinesis\Desktop\Fusion\AxViewModel\bin\Debug\AxViewModel.dll" />
      <DeploymentItem filename="C:\Users\Axinesis\Desktop\Fusion\AxData\bin\Debug\AxData.dll" />
      <DeploymentItem filename="C:\Users\Axinesis\Desktop\Fusion\packages\Effort.1.1.0\lib\net40\Effort.dll" />
      <DeploymentItem filename="C:\Users\Axinesis\Desktop\Fusion\AxNavigation\NavegarLib\Navegar.WPF4\bin\Debug\Navegar.WPF4.dll" />
      <DeploymentItem filename="C:\Users\Axinesis\Desktop\Fusion\AxError.Test\bin\Debug\NLog.dll" />
      <DeploymentItem filename="C:\Program Files (x86)\NUnit 2.6.3\bin\framework\nunit.framework.dll" />
      <DeploymentItem filename="C:\Users\Axinesis\Desktop\Fusion\packages\Common.Logging.2.2.0\lib\net40\Common.Logging.dll" />
      <DeploymentItem filename="C:\Users\Axinesis\Desktop\Fusion\packages\Common.Logging.NLog20.2.2.0\lib\net40\Common.Logging.NLog20.dll" />
      <DeploymentItem filename="C:\Users\Axinesis\Desktop\Fusion\AxModel\bin\Debug\AxModel.dll" />
      <DeploymentItem filename="C:\Users\Axinesis\Desktop\Fusion\AxError.Test\bin\Debug\Common.Logging.Core.dll" />
      <DeploymentItem filename="C:\Users\Axinesis\Desktop\Fusion\AxAction\bin\Debug\AxAction.dll" />
      <DeploymentItem filename="C:\Users\Axinesis\Desktop\Fusion\packages\MvvmLightLibs.4.4.32.1\lib\net40\GalaSoft.MvvmLight.dll" />
      <DeploymentItem filename="C:\Users\Axinesis\Desktop\Fusion\AxExerciceConfig\bin\Debug\AxExerciceConfig.dll" />
      <DeploymentItem filename="C:\Program Files (x86)\NUnit 2.6.3\bin\framework\nunit.mocks.dll" />
      <DeploymentItem filename="C:\Users\Axinesis\Desktop\Fusion\AxExerciceGeneric\bin\Debug\AxExerciceGenerator.dll" />
      <DeploymentItem filename="C:\Users\Axinesis\Desktop\Fusion\AxError\bin\Debug\AxError.dll" />
      <DeploymentItem filename="C:\Users\Axinesis\Desktop\Fusion\packages\Moq.4.2.1402.2112\lib\net40\Moq.dll" />
      <DeploymentItem filename="C:\Users\Axinesis\Desktop\Fusion\packages\NMemory.1.0.0\lib\net40\NMemory.dll" />
      <DeploymentItem filename="C:\Users\Axinesis\Desktop\Fusion\AxModelExercice\bin\Debug\AxModelExercice.dll" />
      <DeploymentItem filename="C:\Users\Axinesis\Desktop\Fusion\AxAnalyse\bin\Debug\AxAnalyse.dll" />
      <DeploymentItem filename="C:\Users\Axinesis\Desktop\Fusion\AxLanguage\bin\Debug\AxLanguage.dll" />
    </Deployment>
    <Execution>
      <TestTypeSpecific />
      <AgentRule name="Execution Agents">
      </AgentRule>
    </Execution>
  </TestSettings>
  <Times creation="2014-07-30T10:25:29.4866114+02:00" queuing="2014-07-30T10:25:30.4085274+02:00" start="2014-07-30T10:25:30.4554051+02:00" finish="2014-07-30T10:25:41.2527879+02:00" />
  <ResultSummary outcome="Completed">
    <Counters total="114" executed="114" passed="114" error="0" failed="0" timeout="0" aborted="0" inconclusive="0" passedButRunAborted="0" notRunnable="0" notExecuted="0" disconnected="0" warning="0" completed="0" inProgress="0" pending="0" />
  </ResultSummary>
  <TestDefinitions>
    <UnitTest name="Erreur_Robot_LogicSupplyVoltageTooLowError_Bien_Traite" storage="c:\users\axinesis\desktop\fusion\axerror.test\bin\debug\axerror.test.dll" id="4f482e75-1f13-6e68-c51e-899481bb394c" xmlns="AxError.Test">
      <Execution id="fea54425-6ff4-497a-90ee-a42d60e041e8" xmlns="http://microsoft.com/schemas/VisualStudio/TeamTest/2010" />
      <TestMethod codeBase="C:\Users\Axinesis\Desktop\Fusion\AxError.Test\bin\Debug\AxError.Test.dll" adapterTypeName="NUnitForVSTS.NUnitTest.NUnitTestAdapter, NUnitForVSTS.NUnitTest, Version=5.1.0.0, Culture=neutral, PublicKeyToken=null" className="AxError.Test.GestionErreurTest" name="Erreur_Robot_LogicSupplyVoltageTooLowError_Bien_Traite" />
    </UnitTest>
    <UnitTest name="Bon_Prenom_Patient_Trouve" storage="c:\users\axinesis\desktop\fusion\axdata.test\bin\debug\axdata.test.dll" id="44ed4079-9453-ff0c-84c2-ac19b4af933d" xmlns="AxData.Test">
      <Execution id="5824e2b0-a8f8-4b8e-8045-29a974fc41cc" xmlns="http://microsoft.com/schemas/VisualStudio/TeamTest/2010" />
      <TestMethod codeBase="C:\Users\Axinesis\Desktop\Fusion\AxData.Test\bin\Debug\AxData.Test.dll" adapterTypeName="NUnitForVSTS.NUnitTest.NUnitTestAdapter, NUnitForVSTS.NUnitTest, Version=5.1.0.0, Culture=neutral, PublicKeyToken=null" className="AxData.Test.DataPatientTest" name="Bon_Prenom_Patient_Trouve" />
    </UnitTest>
    <UnitTest name="Erreur_Robot_GearScalingFactorError_Bien_Traite" storage="c:\users\axinesis\desktop\fusion\axerror.test\bin\debug\axerror.test.dll" id="5f4e2034-866f-4eb1-0441-6555f1681d32" xmlns="AxError.Test">
      <Execution id="abe7368e-a42b-425f-9bbe-8406aad4185a" xmlns="http://microsoft.com/schemas/VisualStudio/TeamTest/2010" />
      <TestMethod codeBase="C:\Users\Axinesis\Desktop\Fusion\AxError.Test\bin\Debug\AxError.Test.dll" adapterTypeName="NUnitForVSTS.NUnitTest.NUnitTestAdapter, NUnitForVSTS.NUnitTest, Version=5.1.0.0, Culture=neutral, PublicKeyToken=null" className="AxError.Test.GestionErreurTest" name="Erreur_Robot_GearScalingFactorError_Bien_Traite" />
    </UnitTest>
    <UnitTest name="Ecart_Type" storage="c:\users\axinesis\desktop\fusion\axmodel.test\bin\debug\axmodel.test.dll" id="7a8c8ab2-cc1f-665a-6687-1b4694c99073" xmlns="AxModel.Test">
      <Execution id="8ca5d122-3b7f-420a-8e5a-2993ee2e44f5" xmlns="http://microsoft.com/schemas/VisualStudio/TeamTest/2010" />
      <TestMethod codeBase="C:\Users\Axinesis\Desktop\Fusion\AxModel.Test\bin\Debug\AxModel.Test.dll" adapterTypeName="NUnitForVSTS.NUnitTest.NUnitTestAdapter, NUnitForVSTS.NUnitTest, Version=5.1.0.0, Culture=neutral, PublicKeyToken=null" className="AxModel.Test.ModelTest" name="Ecart_Type" />
    </UnitTest>
    <UnitTest name="Patient_DateNaissance_Obligatoire" storage="c:\users\axinesis\desktop\fusion\axdata.test\bin\debug\axdata.test.dll" id="7d2a5c74-8b81-7def-78d9-19fc9e6c2ea4" xmlns="AxData.Test">
      <Execution id="536778e3-12fc-4a31-ab49-e41b91467c07" xmlns="http://microsoft.com/schemas/VisualStudio/TeamTest/2010" />
      <TestMethod codeBase="C:\Users\Axinesis\Desktop\Fusion\AxData.Test\bin\Debug\AxData.Test.dll" adapterTypeName="NUnitForVSTS.NUnitTest.NUnitTestAdapter, NUnitForVSTS.NUnitTest, Version=5.1.0.0, Culture=neutral, PublicKeyToken=null" className="AxData.Test.DataPatientTest" name="Patient_DateNaissance_Obligatoire" />
    </UnitTest>
    <UnitTest name="Connexion_Robot_Correcte" storage="c:\users\axinesis\desktop\fusion\axcommunication.test\bin\debug\axcommunication.test.dll" id="ae8642d5-07bc-0f18-4b31-bcbab057a0d0" xmlns="AxCommunication.Test">
      <Execution id="d5e16302-70ab-4f80-a678-a8d7b7f848e0" xmlns="http://microsoft.com/schemas/VisualStudio/TeamTest/2010" />
      <TestMethod codeBase="C:\Users\Axinesis\Desktop\Fusion\AxCommunication.Test\bin\Debug\AxCommunication.Test.dll" adapterTypeName="NUnitForVSTS.NUnitTest.NUnitTestAdapter, NUnitForVSTS.NUnitTest, Version=5.1.0.0, Culture=neutral, PublicKeyToken=null" className="AxCommunication.Test.PortSerieTest" name="Connexion_Robot_Correcte" />
    </UnitTest>
    <UnitTest name="Erreur_Autres_Exception_Doit_Couper_Le_Programme" storage="c:\users\axinesis\desktop\fusion\axerror.test\bin\debug\axerror.test.dll" id="92fd36a1-ca75-7f92-7bd2-2dc408eedb40" xmlns="AxError.Test">
      <Execution id="6405a47a-23c3-46ad-9a0f-78237908e193" xmlns="http://microsoft.com/schemas/VisualStudio/TeamTest/2010" />
      <TestMethod codeBase="C:\Users\Axinesis\Desktop\Fusion\AxError.Test\bin\Debug\AxError.Test.dll" adapterTypeName="NUnitForVSTS.NUnitTest.NUnitTestAdapter, NUnitForVSTS.NUnitTest, Version=5.1.0.0, Culture=neutral, PublicKeyToken=null" className="AxError.Test.GestionErreurTest" name="Erreur_Autres_Exception_Doit_Couper_Le_Programme" />
    </UnitTest>
    <UnitTest name="Jeu_Doit_Etre_Type_Jeu_Avec_Bon_Theme_Facile" storage="c:\users\axinesis\desktop\fusion\axexercicegenerator.test\bin\debug\axexercicegenerator.test.dll" id="84265baa-a0fc-9eb4-5420-2fc493c758dd" xmlns="AxExerciceGenerator.Test">
      <Execution id="4dd194b0-93bd-459e-a05f-3fce1388fcc5" xmlns="http://microsoft.com/schemas/VisualStudio/TeamTest/2010" />
      <TestMethod codeBase="C:\Users\Axinesis\Desktop\Fusion\AxExerciceGenerator.Test\bin\Debug\AxExerciceGenerator.Test.dll" adapterTypeName="NUnitForVSTS.NUnitTest.NUnitTestAdapter, NUnitForVSTS.NUnitTest, Version=5.1.0.0, Culture=neutral, PublicKeyToken=null" className="AxExerciceGenerator.Test.ExerciceGeneratorTest" name="Jeu_Doit_Etre_Type_Jeu_Avec_Bon_Theme_Facile" />
    </UnitTest>
    <UnitTest name="Patient_Taille_Obligatoire" storage="c:\users\axinesis\desktop\fusion\axdata.test\bin\debug\axdata.test.dll" id="a7d2c1fe-6292-38c4-b190-463be3c8cf93" xmlns="AxData.Test">
      <Execution id="cf4e8ea3-a2d4-4ff6-b752-707316de523d" xmlns="http://microsoft.com/schemas/VisualStudio/TeamTest/2010" />
      <TestMethod codeBase="C:\Users\Axinesis\Desktop\Fusion\AxData.Test\bin\Debug\AxData.Test.dll" adapterTypeName="NUnitForVSTS.NUnitTest.NUnitTestAdapter, NUnitForVSTS.NUnitTest, Version=5.1.0.0, Culture=neutral, PublicKeyToken=null" className="AxData.Test.DataPatientTest" name="Patient_Taille_Obligatoire" />
    </UnitTest>
    <UnitTest name="Erreur_Robot_InternalSoftwareError_Bien_Traite" storage="c:\users\axinesis\desktop\fusion\axerror.test\bin\debug\axerror.test.dll" id="b97e58f3-cbc0-bcdd-6669-a43c0d325371" xmlns="AxError.Test">
      <Execution id="b18de1b3-051f-4fe0-b4d9-1b0591801937" xmlns="http://microsoft.com/schemas/VisualStudio/TeamTest/2010" />
      <TestMethod codeBase="C:\Users\Axinesis\Desktop\Fusion\AxError.Test\bin\Debug\AxError.Test.dll" adapterTypeName="NUnitForVSTS.NUnitTest.NUnitTestAdapter, NUnitForVSTS.NUnitTest, Version=5.1.0.0, Culture=neutral, PublicKeyToken=null" className="AxError.Test.GestionErreurTest" name="Erreur_Robot_InternalSoftwareError_Bien_Traite" />
    </UnitTest>
    <UnitTest name="Exercice_Doit_Etre_Type_Carre_Avec_Theme" storage="c:\users\axinesis\desktop\fusion\axexercicegenerator.test\bin\debug\axexercicegenerator.test.dll" id="f6827a5d-d000-6b57-1a5d-244c917c4e49" xmlns="AxExerciceGenerator.Test">
      <Execution id="76ec018a-fe25-4246-a994-63813c4733cb" xmlns="http://microsoft.com/schemas/VisualStudio/TeamTest/2010" />
      <TestMethod codeBase="C:\Users\Axinesis\Desktop\Fusion\AxExerciceGenerator.Test\bin\Debug\AxExerciceGenerator.Test.dll" adapterTypeName="NUnitForVSTS.NUnitTest.NUnitTestAdapter, NUnitForVSTS.NUnitTest, Version=5.1.0.0, Culture=neutral, PublicKeyToken=null" className="AxExerciceGenerator.Test.ExerciceGeneratorTest" name="Exercice_Doit_Etre_Type_Carre_Avec_Theme" />
    </UnitTest>
    <UnitTest name="Erreur_OutOfMemoryException_Bien_Traite" storage="c:\users\axinesis\desktop\fusion\axerror.test\bin\debug\axerror.test.dll" id="5188289e-0f4c-4bba-4f87-aede2c765fd5" xmlns="AxError.Test">
      <Execution id="92d56b67-44ba-4552-8201-43de10569c5c" xmlns="http://microsoft.com/schemas/VisualStudio/TeamTest/2010" />
      <TestMethod codeBase="C:\Users\Axinesis\Desktop\Fusion\AxError.Test\bin\Debug\AxError.Test.dll" adapterTypeName="NUnitForVSTS.NUnitTest.NUnitTestAdapter, NUnitForVSTS.NUnitTest, Version=5.1.0.0, Culture=neutral, PublicKeyToken=null" className="AxError.Test.GestionErreurTest" name="Erreur_OutOfMemoryException_Bien_Traite" />
    </UnitTest>
    <UnitTest name="Erreur_Robot_OvertemperatureError_Bien_Traite" storage="c:\users\axinesis\desktop\fusion\axerror.test\bin\debug\axerror.test.dll" id="bf764ba8-8696-c92f-3f57-afea2c1bfe57" xmlns="AxError.Test">
      <Execution id="f3023c93-c363-469d-9c01-f7f36438c9f4" xmlns="http://microsoft.com/schemas/VisualStudio/TeamTest/2010" />
      <TestMethod codeBase="C:\Users\Axinesis\Desktop\Fusion\AxError.Test\bin\Debug\AxError.Test.dll" adapterTypeName="NUnitForVSTS.NUnitTest.NUnitTestAdapter, NUnitForVSTS.NUnitTest, Version=5.1.0.0, Culture=neutral, PublicKeyToken=null" className="AxError.Test.GestionErreurTest" name="Erreur_Robot_OvertemperatureError_Bien_Traite" />
    </UnitTest>
    <UnitTest name="Therapeute_Connection_Login_Faux_Mdp_Bon" storage="c:\users\axinesis\desktop\fusion\axdata.test\bin\debug\axdata.test.dll" id="454cd542-f819-baab-5e5e-809ca9946cca" xmlns="AxData.Test">
      <Execution id="c049e6e6-4cab-43c2-a9f3-37a07a8b9258" xmlns="http://microsoft.com/schemas/VisualStudio/TeamTest/2010" />
      <TestMethod codeBase="C:\Users\Axinesis\Desktop\Fusion\AxData.Test\bin\Debug\AxData.Test.dll" adapterTypeName="NUnitForVSTS.NUnitTest.NUnitTestAdapter, NUnitForVSTS.NUnitTest, Version=5.1.0.0, Culture=neutral, PublicKeyToken=null" className="AxData.Test.DataTherapeuteTest" name="Therapeute_Connection_Login_Faux_Mdp_Bon" />
    </UnitTest>
    <UnitTest name="Erreur_SqlException_Num53_Bien_Traite" storage="c:\users\axinesis\desktop\fusion\axerror.test\bin\debug\axerror.test.dll" id="ea2c6b0a-c912-2fce-46c5-ac0346f15352" xmlns="AxError.Test">
      <Execution id="8487b3a5-b47a-4a41-ad29-433a49743ed9" xmlns="http://microsoft.com/schemas/VisualStudio/TeamTest/2010" />
      <TestMethod codeBase="C:\Users\Axinesis\Desktop\Fusion\AxError.Test\bin\Debug\AxError.Test.dll" adapterTypeName="NUnitForVSTS.NUnitTest.NUnitTestAdapter, NUnitForVSTS.NUnitTest, Version=5.1.0.0, Culture=neutral, PublicKeyToken=null" className="AxError.Test.GestionErreurTest" name="Erreur_SqlException_Num53_Bien_Traite" />
    </UnitTest>
    <UnitTest name="Exercice_Eval_Doit_Avoir_Big_Borne" storage="c:\users\axinesis\desktop\fusion\axexercicegenerator.test\bin\debug\axexercicegenerator.test.dll" id="6e80c6e1-e5cc-e094-8690-e0b15e42b61e" xmlns="AxExerciceGenerator.Test">
      <Execution id="fa25d791-8ed3-45b0-907a-9997aa2d850f" xmlns="http://microsoft.com/schemas/VisualStudio/TeamTest/2010" />
      <TestMethod codeBase="C:\Users\Axinesis\Desktop\Fusion\AxExerciceGenerator.Test\bin\Debug\AxExerciceGenerator.Test.dll" adapterTypeName="NUnitForVSTS.NUnitTest.NUnitTestAdapter, NUnitForVSTS.NUnitTest, Version=5.1.0.0, Culture=neutral, PublicKeyToken=null" className="AxExerciceGenerator.Test.ExerciceGeneratorTest" name="Exercice_Eval_Doit_Avoir_Big_Borne" />
    </UnitTest>
    <UnitTest name="Patient_ID1_Obligatoire" storage="c:\users\axinesis\desktop\fusion\axdata.test\bin\debug\axdata.test.dll" id="c49b8624-edd6-882f-a895-24bc1ddc98ef" xmlns="AxData.Test">
      <Execution id="b415d9cf-49b6-47a3-b039-71368c33772e" xmlns="http://microsoft.com/schemas/VisualStudio/TeamTest/2010" />
      <TestMethod codeBase="C:\Users\Axinesis\Desktop\Fusion\AxData.Test\bin\Debug\AxData.Test.dll" adapterTypeName="NUnitForVSTS.NUnitTest.NUnitTestAdapter, NUnitForVSTS.NUnitTest, Version=5.1.0.0, Culture=neutral, PublicKeyToken=null" className="AxData.Test.DataPatientTest" name="Patient_ID1_Obligatoire" />
    </UnitTest>
    <UnitTest name="Jeu_Doit_Etre_Type_Jeu_Avec_Bon_Theme_Difficile" storage="c:\users\axinesis\desktop\fusion\axexercicegenerator.test\bin\debug\axexercicegenerator.test.dll" id="1feb75d6-6075-769f-0ca5-c7a95c479767" xmlns="AxExerciceGenerator.Test">
      <Execution id="f0145886-6ee8-4ac7-9bcd-8b8f81262c57" xmlns="http://microsoft.com/schemas/VisualStudio/TeamTest/2010" />
      <TestMethod codeBase="C:\Users\Axinesis\Desktop\Fusion\AxExerciceGenerator.Test\bin\Debug\AxExerciceGenerator.Test.dll" adapterTypeName="NUnitForVSTS.NUnitTest.NUnitTestAdapter, NUnitForVSTS.NUnitTest, Version=5.1.0.0, Culture=neutral, PublicKeyToken=null" className="AxExerciceGenerator.Test.ExerciceGeneratorTest" name="Jeu_Doit_Etre_Type_Jeu_Avec_Bon_Theme_Difficile" />
    </UnitTest>
    <UnitTest name="CalcSommeAbs_retourne_positif_quand_reponse_positive" storage="c:\users\axinesis\desktop\fusion\axanalyse.test\bin\debug\axanalyse.test.dll" id="dc5d423e-851c-6658-b8be-e6a841de2fd1" xmlns="AxAnalyse.Test">
      <Execution id="f0525125-a35d-4f22-94b4-e0d5be080210" xmlns="http://microsoft.com/schemas/VisualStudio/TeamTest/2010" />
      <TestMethod codeBase="C:\Users\Axinesis\Desktop\Fusion\AxAnalyse.Test\bin\Debug\AxAnalyse.Test.dll" adapterTypeName="NUnitForVSTS.NUnitTest.NUnitTestAdapter, NUnitForVSTS.NUnitTest, Version=5.1.0.0, Culture=neutral, PublicKeyToken=null" className="AxAnalyse.Test.AnalyseTest" name="CalcSommeAbs_retourne_positif_quand_reponse_positive" />
    </UnitTest>
    <UnitTest name="Patient_Poids_Obligatoire" storage="c:\users\axinesis\desktop\fusion\axdata.test\bin\debug\axdata.test.dll" id="20b118dc-27e8-ed17-0ac4-d5df103752d3" xmlns="AxData.Test">
      <Execution id="c7414cd4-3fa5-47b9-8730-7d42a964d8b8" xmlns="http://microsoft.com/schemas/VisualStudio/TeamTest/2010" />
      <TestMethod codeBase="C:\Users\Axinesis\Desktop\Fusion\AxData.Test\bin\Debug\AxData.Test.dll" adapterTypeName="NUnitForVSTS.NUnitTest.NUnitTestAdapter, NUnitForVSTS.NUnitTest, Version=5.1.0.0, Culture=neutral, PublicKeyToken=null" className="AxData.Test.DataPatientTest" name="Patient_Poids_Obligatoire" />
    </UnitTest>
    <UnitTest name="Therapeute_Nom_Obligatoire" storage="c:\users\axinesis\desktop\fusion\axdata.test\bin\debug\axdata.test.dll" id="70c3bcd2-30f3-dc55-d57b-3305735ab2fe" xmlns="AxData.Test">
      <Execution id="fd139dff-9385-4e9b-82d7-3b1a3fa2b808" xmlns="http://microsoft.com/schemas/VisualStudio/TeamTest/2010" />
      <TestMethod codeBase="C:\Users\Axinesis\Desktop\Fusion\AxData.Test\bin\Debug\AxData.Test.dll" adapterTypeName="NUnitForVSTS.NUnitTest.NUnitTestAdapter, NUnitForVSTS.NUnitTest, Version=5.1.0.0, Culture=neutral, PublicKeyToken=null" className="AxData.Test.DataTherapeuteTest" name="Therapeute_Nom_Obligatoire" />
    </UnitTest>
    <UnitTest name="Erreur_SqlException_Num10054_Bien_Traite" storage="c:\users\axinesis\desktop\fusion\axerror.test\bin\debug\axerror.test.dll" id="685bc9e4-6b9e-eafd-c8ef-4d24f897588d" xmlns="AxError.Test">
      <Execution id="df83dadc-5a2e-460b-a01b-f9aec8693e06" xmlns="http://microsoft.com/schemas/VisualStudio/TeamTest/2010" />
      <TestMethod codeBase="C:\Users\Axinesis\Desktop\Fusion\AxError.Test\bin\Debug\AxError.Test.dll" adapterTypeName="NUnitForVSTS.NUnitTest.NUnitTestAdapter, NUnitForVSTS.NUnitTest, Version=5.1.0.0, Culture=neutral, PublicKeyToken=null" className="AxError.Test.GestionErreurTest" name="Erreur_SqlException_Num10054_Bien_Traite" />
    </UnitTest>
    <UnitTest name="Therapeute_Confirmation_Mot_De_Passe_Valide" storage="c:\users\axinesis\desktop\fusion\axdata.test\bin\debug\axdata.test.dll" id="70ebb40d-5861-d5c1-a3ef-791dade40bd9" xmlns="AxData.Test">
      <Execution id="087faace-8932-4344-afcc-4c77f3f54878" xmlns="http://microsoft.com/schemas/VisualStudio/TeamTest/2010" />
      <TestMethod codeBase="C:\Users\Axinesis\Desktop\Fusion\AxData.Test\bin\Debug\AxData.Test.dll" adapterTypeName="NUnitForVSTS.NUnitTest.NUnitTestAdapter, NUnitForVSTS.NUnitTest, Version=5.1.0.0, Culture=neutral, PublicKeyToken=null" className="AxData.Test.DataTherapeuteTest" name="Therapeute_Confirmation_Mot_De_Passe_Valide" />
    </UnitTest>
    <UnitTest name="Erreur_SqlException_Num18452_Bien_Traite" storage="c:\users\axinesis\desktop\fusion\axerror.test\bin\debug\axerror.test.dll" id="4d48ca6b-511b-39ac-a68c-91352d15b1df" xmlns="AxError.Test">
      <Execution id="07b46224-88a6-4df1-8011-5ca60e43a63d" xmlns="http://microsoft.com/schemas/VisualStudio/TeamTest/2010" />
      <TestMethod codeBase="C:\Users\Axinesis\Desktop\Fusion\AxError.Test\bin\Debug\AxError.Test.dll" adapterTypeName="NUnitForVSTS.NUnitTest.NUnitTestAdapter, NUnitForVSTS.NUnitTest, Version=5.1.0.0, Culture=neutral, PublicKeyToken=null" className="AxError.Test.GestionErreurTest" name="Erreur_SqlException_Num18452_Bien_Traite" />
    </UnitTest>
    <UnitTest name="Taille_Trop_Grande" storage="c:\users\axinesis\desktop\fusion\axerror.test\bin\debug\axerror.test.dll" id="d1d5bdee-95e1-826a-6e8c-92bd1b1d1870" xmlns="AxError.Test">
      <Execution id="fa1164bf-9991-4e9a-8238-c57c59de12af" xmlns="http://microsoft.com/schemas/VisualStudio/TeamTest/2010" />
      <TestMethod codeBase="C:\Users\Axinesis\Desktop\Fusion\AxError.Test\bin\Debug\AxError.Test.dll" adapterTypeName="NUnitForVSTS.NUnitTest.NUnitTestAdapter, NUnitForVSTS.NUnitTest, Version=5.1.0.0, Culture=neutral, PublicKeyToken=null" className="AxError.Test.ErrorInterfaceTest" name="Taille_Trop_Grande" />
    </UnitTest>
    <UnitTest name="Therapeute_Mot_De_Passe_Longeur_Valide" storage="c:\users\axinesis\desktop\fusion\axdata.test\bin\debug\axdata.test.dll" id="b7e43fdb-6e64-2c94-dcce-89d4bd434ec6" xmlns="AxData.Test">
      <Execution id="c2f8eb2e-0498-49d5-8f7b-0fc46655c1fc" xmlns="http://microsoft.com/schemas/VisualStudio/TeamTest/2010" />
      <TestMethod codeBase="C:\Users\Axinesis\Desktop\Fusion\AxData.Test\bin\Debug\AxData.Test.dll" adapterTypeName="NUnitForVSTS.NUnitTest.NUnitTestAdapter, NUnitForVSTS.NUnitTest, Version=5.1.0.0, Culture=neutral, PublicKeyToken=null" className="AxData.Test.DataTherapeuteTest" name="Therapeute_Mot_De_Passe_Longeur_Valide" />
    </UnitTest>
    <UnitTest name="Inscription_Administrateur" storage="c:\users\axinesis\desktop\fusion\axdata.test\bin\debug\axdata.test.dll" id="9ef9f365-076b-fb6f-67f0-e145ead2e579" xmlns="AxData.Test">
      <Execution id="0311843e-f297-4482-aa3b-270a30fb5d5b" xmlns="http://microsoft.com/schemas/VisualStudio/TeamTest/2010" />
      <TestMethod codeBase="C:\Users\Axinesis\Desktop\Fusion\AxData.Test\bin\Debug\AxData.Test.dll" adapterTypeName="NUnitForVSTS.NUnitTest.NUnitTestAdapter, NUnitForVSTS.NUnitTest, Version=5.1.0.0, Culture=neutral, PublicKeyToken=null" className="AxData.Test.DataTherapeuteTest" name="Inscription_Administrateur" />
    </UnitTest>
    <UnitTest name="Patient_Prenom_Avec_Chiffre_Non_Valdie" storage="c:\users\axinesis\desktop\fusion\axerror.test\bin\debug\axerror.test.dll" id="753937c8-a9eb-1241-f3c3-39b8d5bc3c92" xmlns="AxError.Test">
      <Execution id="8a1d6339-8e7c-4663-a540-1aa28655aa16" xmlns="http://microsoft.com/schemas/VisualStudio/TeamTest/2010" />
      <TestMethod codeBase="C:\Users\Axinesis\Desktop\Fusion\AxError.Test\bin\Debug\AxError.Test.dll" adapterTypeName="NUnitForVSTS.NUnitTest.NUnitTestAdapter, NUnitForVSTS.NUnitTest, Version=5.1.0.0, Culture=neutral, PublicKeyToken=null" className="AxError.Test.ErrorInterfaceTest" name="Patient_Prenom_Avec_Chiffre_Non_Valdie" />
    </UnitTest>
    <UnitTest name="Digit_Apres_Decembre_1999_Correct" storage="c:\users\axinesis\desktop\fusion\axerror.test\bin\debug\axerror.test.dll" id="79e0f4ac-752d-6854-5869-d79798ecc5d8" xmlns="AxError.Test">
      <Execution id="e45a00e8-ef32-4ea6-820a-99f2f1aeba73" xmlns="http://microsoft.com/schemas/VisualStudio/TeamTest/2010" />
      <TestMethod codeBase="C:\Users\Axinesis\Desktop\Fusion\AxError.Test\bin\Debug\AxError.Test.dll" adapterTypeName="NUnitForVSTS.NUnitTest.NUnitTestAdapter, NUnitForVSTS.NUnitTest, Version=5.1.0.0, Culture=neutral, PublicKeyToken=null" className="AxError.Test.ErrorInterfaceTest" name="Digit_Apres_Decembre_1999_Correct" />
    </UnitTest>
    <UnitTest name="Poids_Trop_Grand" storage="c:\users\axinesis\desktop\fusion\axerror.test\bin\debug\axerror.test.dll" id="25abb7b9-1485-9596-f399-1468ba684cfa" xmlns="AxError.Test">
      <Execution id="3228bb31-4afa-478f-94d6-4d439377da49" xmlns="http://microsoft.com/schemas/VisualStudio/TeamTest/2010" />
      <TestMethod codeBase="C:\Users\Axinesis\Desktop\Fusion\AxError.Test\bin\Debug\AxError.Test.dll" adapterTypeName="NUnitForVSTS.NUnitTest.NUnitTestAdapter, NUnitForVSTS.NUnitTest, Version=5.1.0.0, Culture=neutral, PublicKeyToken=null" className="AxError.Test.ErrorInterfaceTest" name="Poids_Trop_Grand" />
    </UnitTest>
    <UnitTest name="Admin_Dans_La_Bd" storage="c:\users\axinesis\desktop\fusion\axdata.test\bin\debug\axdata.test.dll" id="ee9a69f6-cf44-b467-cc2a-1e750c89a07f" xmlns="AxData.Test">
      <Execution id="121b8e8d-d0fe-4408-aa5c-245d4f7a30ef" xmlns="http://microsoft.com/schemas/VisualStudio/TeamTest/2010" />
      <TestMethod codeBase="C:\Users\Axinesis\Desktop\Fusion\AxData.Test\bin\Debug\AxData.Test.dll" adapterTypeName="NUnitForVSTS.NUnitTest.NUnitTestAdapter, NUnitForVSTS.NUnitTest, Version=5.1.0.0, Culture=neutral, PublicKeyToken=null" className="AxData.Test.DataTherapeuteTest" name="Admin_Dans_La_Bd" />
    </UnitTest>
    <UnitTest name="CalcSommeAbs_retourne_positif_quand_reponse_negative" storage="c:\users\axinesis\desktop\fusion\axanalyse.test\bin\debug\axanalyse.test.dll" id="23292fbe-adfa-993b-82f2-7c477d400857" xmlns="AxAnalyse.Test">
      <Execution id="1d239cd9-688a-4e1f-a5bb-30d31e4e5a9b" xmlns="http://microsoft.com/schemas/VisualStudio/TeamTest/2010" />
      <TestMethod codeBase="C:\Users\Axinesis\Desktop\Fusion\AxAnalyse.Test\bin\Debug\AxAnalyse.Test.dll" adapterTypeName="NUnitForVSTS.NUnitTest.NUnitTestAdapter, NUnitForVSTS.NUnitTest, Version=5.1.0.0, Culture=neutral, PublicKeyToken=null" className="AxAnalyse.Test.AnalyseTest" name="CalcSommeAbs_retourne_positif_quand_reponse_negative" />
    </UnitTest>
    <UnitTest name="Deconnexion_Robot_Correcte" storage="c:\users\axinesis\desktop\fusion\axcommunication.test\bin\debug\axcommunication.test.dll" id="8786509f-e646-d735-fbae-09bb7ea9968d" xmlns="AxCommunication.Test">
      <Execution id="a0c6c47e-6962-4b5c-80a4-17fd6c692382" xmlns="http://microsoft.com/schemas/VisualStudio/TeamTest/2010" />
      <TestMethod codeBase="C:\Users\Axinesis\Desktop\Fusion\AxCommunication.Test\bin\Debug\AxCommunication.Test.dll" adapterTypeName="NUnitForVSTS.NUnitTest.NUnitTestAdapter, NUnitForVSTS.NUnitTest, Version=5.1.0.0, Culture=neutral, PublicKeyToken=null" className="AxCommunication.Test.PortSerieTest" name="Deconnexion_Robot_Correcte" />
    </UnitTest>
    <UnitTest name="Erreur_FileNotFoundException_Bien_Traite" storage="c:\users\axinesis\desktop\fusion\axerror.test\bin\debug\axerror.test.dll" id="46f2fb7c-cbb5-3f4f-7fbb-54c6e13304f7" xmlns="AxError.Test">
      <Execution id="f6f557aa-9a36-4aba-a309-dab94dadc1d8" xmlns="http://microsoft.com/schemas/VisualStudio/TeamTest/2010" />
      <TestMethod codeBase="C:\Users\Axinesis\Desktop\Fusion\AxError.Test\bin\Debug\AxError.Test.dll" adapterTypeName="NUnitForVSTS.NUnitTest.NUnitTestAdapter, NUnitForVSTS.NUnitTest, Version=5.1.0.0, Culture=neutral, PublicKeyToken=null" className="AxError.Test.GestionErreurTest" name="Erreur_FileNotFoundException_Bien_Traite" />
    </UnitTest>
    <UnitTest name="Poids_Est_Valide" storage="c:\users\axinesis\desktop\fusion\axerror.test\bin\debug\axerror.test.dll" id="29643fec-276c-0215-f794-e8f805cfc972" xmlns="AxError.Test">
      <Execution id="17635014-92e1-4509-a7e2-46f9d4949759" xmlns="http://microsoft.com/schemas/VisualStudio/TeamTest/2010" />
      <TestMethod codeBase="C:\Users\Axinesis\Desktop\Fusion\AxError.Test\bin\Debug\AxError.Test.dll" adapterTypeName="NUnitForVSTS.NUnitTest.NUnitTestAdapter, NUnitForVSTS.NUnitTest, Version=5.1.0.0, Culture=neutral, PublicKeyToken=null" className="AxError.Test.ErrorInterfaceTest" name="Poids_Est_Valide" />
    </UnitTest>
    <UnitTest name="Erreur_Robot_CanPassiveModeError_Bien_Traite" storage="c:\users\axinesis\desktop\fusion\axerror.test\bin\debug\axerror.test.dll" id="d70d4846-e790-2791-a7f6-aea47d197ce3" xmlns="AxError.Test">
      <Execution id="3a240472-64c1-4c9d-b340-b146533ec515" xmlns="http://microsoft.com/schemas/VisualStudio/TeamTest/2010" />
      <TestMethod codeBase="C:\Users\Axinesis\Desktop\Fusion\AxError.Test\bin\Debug\AxError.Test.dll" adapterTypeName="NUnitForVSTS.NUnitTest.NUnitTestAdapter, NUnitForVSTS.NUnitTest, Version=5.1.0.0, Culture=neutral, PublicKeyToken=null" className="AxError.Test.GestionErreurTest" name="Erreur_Robot_CanPassiveModeError_Bien_Traite" />
    </UnitTest>
    <UnitTest name="Erreur_Robot_CanPdoLengthError_Bien_Traite" storage="c:\users\axinesis\desktop\fusion\axerror.test\bin\debug\axerror.test.dll" id="16cba0ff-f17e-3157-2151-135da05c3b77" xmlns="AxError.Test">
      <Execution id="d640f3f1-4299-443e-bc30-a9532639f3ac" xmlns="http://microsoft.com/schemas/VisualStudio/TeamTest/2010" />
      <TestMethod codeBase="C:\Users\Axinesis\Desktop\Fusion\AxError.Test\bin\Debug\AxError.Test.dll" adapterTypeName="NUnitForVSTS.NUnitTest.NUnitTestAdapter, NUnitForVSTS.NUnitTest, Version=5.1.0.0, Culture=neutral, PublicKeyToken=null" className="AxError.Test.GestionErreurTest" name="Erreur_Robot_CanPdoLengthError_Bien_Traite" />
    </UnitTest>
    <UnitTest name="Erreur_Robot_CanRxQueueOverflowError_Bien_Traite" storage="c:\users\axinesis\desktop\fusion\axerror.test\bin\debug\axerror.test.dll" id="4bc6e967-6d6d-55dc-5667-6491a42879ce" xmlns="AxError.Test">
      <Execution id="834fe089-1931-4bb1-89d6-193a5a45b368" xmlns="http://microsoft.com/schemas/VisualStudio/TeamTest/2010" />
      <TestMethod codeBase="C:\Users\Axinesis\Desktop\Fusion\AxError.Test\bin\Debug\AxError.Test.dll" adapterTypeName="NUnitForVSTS.NUnitTest.NUnitTestAdapter, NUnitForVSTS.NUnitTest, Version=5.1.0.0, Culture=neutral, PublicKeyToken=null" className="AxError.Test.GestionErreurTest" name="Erreur_Robot_CanRxQueueOverflowError_Bien_Traite" />
    </UnitTest>
    <UnitTest name="Therapeute_Nom_Utilisateur_Obligatoire" storage="c:\users\axinesis\desktop\fusion\axdata.test\bin\debug\axdata.test.dll" id="d7da732c-fc15-83c6-835a-a08965ba8304" xmlns="AxData.Test">
      <Execution id="894771ca-b463-4b67-af5b-adf8b5098346" xmlns="http://microsoft.com/schemas/VisualStudio/TeamTest/2010" />
      <TestMethod codeBase="C:\Users\Axinesis\Desktop\Fusion\AxData.Test\bin\Debug\AxData.Test.dll" adapterTypeName="NUnitForVSTS.NUnitTest.NUnitTestAdapter, NUnitForVSTS.NUnitTest, Version=5.1.0.0, Culture=neutral, PublicKeyToken=null" className="AxData.Test.DataTherapeuteTest" name="Therapeute_Nom_Utilisateur_Obligatoire" />
    </UnitTest>
    <UnitTest name="Erreur_SqlException_Autres_Num_Bien_Traite" storage="c:\users\axinesis\desktop\fusion\axerror.test\bin\debug\axerror.test.dll" id="93a6a4eb-88a4-190c-4984-549fd5627b92" xmlns="AxError.Test">
      <Execution id="0fc8ccd1-da87-48eb-bcb6-f1526c508a8c" xmlns="http://microsoft.com/schemas/VisualStudio/TeamTest/2010" />
      <TestMethod codeBase="C:\Users\Axinesis\Desktop\Fusion\AxError.Test\bin\Debug\AxError.Test.dll" adapterTypeName="NUnitForVSTS.NUnitTest.NUnitTestAdapter, NUnitForVSTS.NUnitTest, Version=5.1.0.0, Culture=neutral, PublicKeyToken=null" className="AxError.Test.GestionErreurTest" name="Erreur_SqlException_Autres_Num_Bien_Traite" />
    </UnitTest>
    <UnitTest name="Therapeute_Mot_De_Passe_Obligatoire" storage="c:\users\axinesis\desktop\fusion\axdata.test\bin\debug\axdata.test.dll" id="0e500537-d2d9-f5ab-8260-b5ce8dde6259" xmlns="AxData.Test">
      <Execution id="1379cd10-634d-4a64-8545-38a522c8e637" xmlns="http://microsoft.com/schemas/VisualStudio/TeamTest/2010" />
      <TestMethod codeBase="C:\Users\Axinesis\Desktop\Fusion\AxData.Test\bin\Debug\AxData.Test.dll" adapterTypeName="NUnitForVSTS.NUnitTest.NUnitTestAdapter, NUnitForVSTS.NUnitTest, Version=5.1.0.0, Culture=neutral, PublicKeyToken=null" className="AxData.Test.DataTherapeuteTest" name="Therapeute_Mot_De_Passe_Obligatoire" />
    </UnitTest>
    <UnitTest name="Vitesse_Moyenne" storage="c:\users\axinesis\desktop\fusion\axanalyse.test\bin\debug\axanalyse.test.dll" id="d1e4e0aa-1b84-a4ad-c411-f5ed64c5a640" xmlns="AxAnalyse.Test">
      <Execution id="886023a8-effe-4c63-b1eb-1fdec9f4c63d" xmlns="http://microsoft.com/schemas/VisualStudio/TeamTest/2010" />
      <TestMethod codeBase="C:\Users\Axinesis\Desktop\Fusion\AxAnalyse.Test\bin\Debug\AxAnalyse.Test.dll" adapterTypeName="NUnitForVSTS.NUnitTest.NUnitTestAdapter, NUnitForVSTS.NUnitTest, Version=5.1.0.0, Culture=neutral, PublicKeyToken=null" className="AxAnalyse.Test.AnalyseTest" name="Vitesse_Moyenne" />
    </UnitTest>
    <UnitTest name="Erreur_Robot_InterpolatedPositionModeError_Bien_Traite" storage="c:\users\axinesis\desktop\fusion\axerror.test\bin\debug\axerror.test.dll" id="10be6209-de22-6fa7-f60a-ee638c41144c" xmlns="AxError.Test">
      <Execution id="0605b266-ca05-4227-acad-ac3eeb8e1b1d" xmlns="http://microsoft.com/schemas/VisualStudio/TeamTest/2010" />
      <TestMethod codeBase="C:\Users\Axinesis\Desktop\Fusion\AxError.Test\bin\Debug\AxError.Test.dll" adapterTypeName="NUnitForVSTS.NUnitTest.NUnitTestAdapter, NUnitForVSTS.NUnitTest, Version=5.1.0.0, Culture=neutral, PublicKeyToken=null" className="AxError.Test.GestionErreurTest" name="Erreur_Robot_InterpolatedPositionModeError_Bien_Traite" />
    </UnitTest>
    <UnitTest name="Digit_Avant_Janvier_2000_Correct" storage="c:\users\axinesis\desktop\fusion\axerror.test\bin\debug\axerror.test.dll" id="4be11f3f-9c9b-c3c0-0181-9cf372e78a39" xmlns="AxError.Test">
      <Execution id="297d744d-1fa8-4778-963a-bb192416f2e8" xmlns="http://microsoft.com/schemas/VisualStudio/TeamTest/2010" />
      <TestMethod codeBase="C:\Users\Axinesis\Desktop\Fusion\AxError.Test\bin\Debug\AxError.Test.dll" adapterTypeName="NUnitForVSTS.NUnitTest.NUnitTestAdapter, NUnitForVSTS.NUnitTest, Version=5.1.0.0, Culture=neutral, PublicKeyToken=null" className="AxError.Test.ErrorInterfaceTest" name="Digit_Avant_Janvier_2000_Correct" />
    </UnitTest>
    <UnitTest name="Patient_Sexe_Obligatoire" storage="c:\users\axinesis\desktop\fusion\axdata.test\bin\debug\axdata.test.dll" id="73ff9664-9e53-3c8b-c732-477aeaf16de3" xmlns="AxData.Test">
      <Execution id="5e6dfb9e-1523-4cdf-b785-9900351cd3af" xmlns="http://microsoft.com/schemas/VisualStudio/TeamTest/2010" />
      <TestMethod codeBase="C:\Users\Axinesis\Desktop\Fusion\AxData.Test\bin\Debug\AxData.Test.dll" adapterTypeName="NUnitForVSTS.NUnitTest.NUnitTestAdapter, NUnitForVSTS.NUnitTest, Version=5.1.0.0, Culture=neutral, PublicKeyToken=null" className="AxData.Test.DataPatientTest" name="Patient_Sexe_Obligatoire" />
    </UnitTest>
    <UnitTest name="Erreur_Robot_HallSensorNotFoundError_Bien_Traite" storage="c:\users\axinesis\desktop\fusion\axerror.test\bin\debug\axerror.test.dll" id="eefbf66d-ed2c-e00b-7d18-b2f0db937ce7" xmlns="AxError.Test">
      <Execution id="eb473990-ac12-4dec-bd60-85ef0dc31128" xmlns="http://microsoft.com/schemas/VisualStudio/TeamTest/2010" />
      <TestMethod codeBase="C:\Users\Axinesis\Desktop\Fusion\AxError.Test\bin\Debug\AxError.Test.dll" adapterTypeName="NUnitForVSTS.NUnitTest.NUnitTestAdapter, NUnitForVSTS.NUnitTest, Version=5.1.0.0, Culture=neutral, PublicKeyToken=null" className="AxError.Test.GestionErreurTest" name="Erreur_Robot_HallSensorNotFoundError_Bien_Traite" />
    </UnitTest>
    <UnitTest name="Erreur_Robot_CanTxQueueOverflowError_Bien_Traite" storage="c:\users\axinesis\desktop\fusion\axerror.test\bin\debug\axerror.test.dll" id="5e7d6af5-64cc-1804-ddd0-8cb7d33a7c25" xmlns="AxError.Test">
      <Execution id="2f287cb3-1160-4504-8b64-542dfbbb687c" xmlns="http://microsoft.com/schemas/VisualStudio/TeamTest/2010" />
      <TestMethod codeBase="C:\Users\Axinesis\Desktop\Fusion\AxError.Test\bin\Debug\AxError.Test.dll" adapterTypeName="NUnitForVSTS.NUnitTest.NUnitTestAdapter, NUnitForVSTS.NUnitTest, Version=5.1.0.0, Culture=neutral, PublicKeyToken=null" className="AxError.Test.GestionErreurTest" name="Erreur_Robot_CanTxQueueOverflowError_Bien_Traite" />
    </UnitTest>
    <UnitTest name="Patient_Nom_Obligatoire" storage="c:\users\axinesis\desktop\fusion\axdata.test\bin\debug\axdata.test.dll" id="5f4e818c-59f5-ec74-a477-f33dd5087204" xmlns="AxData.Test">
      <Execution id="9656403f-8ee1-4823-9822-d73d0a48768b" xmlns="http://microsoft.com/schemas/VisualStudio/TeamTest/2010" />
      <TestMethod codeBase="C:\Users\Axinesis\Desktop\Fusion\AxData.Test\bin\Debug\AxData.Test.dll" adapterTypeName="NUnitForVSTS.NUnitTest.NUnitTestAdapter, NUnitForVSTS.NUnitTest, Version=5.1.0.0, Culture=neutral, PublicKeyToken=null" className="AxData.Test.DataPatientTest" name="Patient_Nom_Obligatoire" />
    </UnitTest>
    <UnitTest name="Jeu_Doit_Etre_Type_Jeu_Avec_Bon_Theme_Expert" storage="c:\users\axinesis\desktop\fusion\axexercicegenerator.test\bin\debug\axexercicegenerator.test.dll" id="9f809847-62e4-7ae9-163a-caf99776f5c1" xmlns="AxExerciceGenerator.Test">
      <Execution id="891c4547-e2bd-4858-a93e-8a1b3909129a" xmlns="http://microsoft.com/schemas/VisualStudio/TeamTest/2010" />
      <TestMethod codeBase="C:\Users\Axinesis\Desktop\Fusion\AxExerciceGenerator.Test\bin\Debug\AxExerciceGenerator.Test.dll" adapterTypeName="NUnitForVSTS.NUnitTest.NUnitTestAdapter, NUnitForVSTS.NUnitTest, Version=5.1.0.0, Culture=neutral, PublicKeyToken=null" className="AxExerciceGenerator.Test.ExerciceGeneratorTest" name="Jeu_Doit_Etre_Type_Jeu_Avec_Bon_Theme_Expert" />
    </UnitTest>
    <UnitTest name="Erreur_Robot_CanOverrunErrorObjectsLost_Bien_Traite" storage="c:\users\axinesis\desktop\fusion\axerror.test\bin\debug\axerror.test.dll" id="b327e7c1-b25a-ea16-5827-7059ea867750" xmlns="AxError.Test">
      <Execution id="a24d1859-c0ae-4e48-aaaa-70c197347939" xmlns="http://microsoft.com/schemas/VisualStudio/TeamTest/2010" />
      <TestMethod codeBase="C:\Users\Axinesis\Desktop\Fusion\AxError.Test\bin\Debug\AxError.Test.dll" adapterTypeName="NUnitForVSTS.NUnitTest.NUnitTestAdapter, NUnitForVSTS.NUnitTest, Version=5.1.0.0, Culture=neutral, PublicKeyToken=null" className="AxError.Test.GestionErreurTest" name="Erreur_Robot_CanOverrunErrorObjectsLost_Bien_Traite" />
    </UnitTest>
    <UnitTest name="Taille_Est_Valide" storage="c:\users\axinesis\desktop\fusion\axerror.test\bin\debug\axerror.test.dll" id="a844c7b5-b6b2-c536-6130-0a3921ce9bd8" xmlns="AxError.Test">
      <Execution id="6962f006-83ad-46a1-85c7-71e6654a51d8" xmlns="http://microsoft.com/schemas/VisualStudio/TeamTest/2010" />
      <TestMethod codeBase="C:\Users\Axinesis\Desktop\Fusion\AxError.Test\bin\Debug\AxError.Test.dll" adapterTypeName="NUnitForVSTS.NUnitTest.NUnitTestAdapter, NUnitForVSTS.NUnitTest, Version=5.1.0.0, Culture=neutral, PublicKeyToken=null" className="AxError.Test.ErrorInterfaceTest" name="Taille_Est_Valide" />
    </UnitTest>
    <UnitTest name="Exercice_Doit_Etre_Type_Carre_Sans_Theme" storage="c:\users\axinesis\desktop\fusion\axexercicegenerator.test\bin\debug\axexercicegenerator.test.dll" id="3be5bb77-d5a9-c355-1514-f9619c4abc76" xmlns="AxExerciceGenerator.Test">
      <Execution id="bf9bc586-7816-4a6d-adf5-979c819e12a9" xmlns="http://microsoft.com/schemas/VisualStudio/TeamTest/2010" />
      <TestMethod codeBase="C:\Users\Axinesis\Desktop\Fusion\AxExerciceGenerator.Test\bin\Debug\AxExerciceGenerator.Test.dll" adapterTypeName="NUnitForVSTS.NUnitTest.NUnitTestAdapter, NUnitForVSTS.NUnitTest, Version=5.1.0.0, Culture=neutral, PublicKeyToken=null" className="AxExerciceGenerator.Test.ExerciceGeneratorTest" name="Exercice_Doit_Etre_Type_Carre_Sans_Theme" />
    </UnitTest>
    <UnitTest name="Therapeute_Nom_Valide" storage="c:\users\axinesis\desktop\fusion\axdata.test\bin\debug\axdata.test.dll" id="7a5257a4-6838-27e7-097e-fee1f1076112" xmlns="AxData.Test">
      <Execution id="efa20ef4-d638-454d-9b81-62db94f36df7" xmlns="http://microsoft.com/schemas/VisualStudio/TeamTest/2010" />
      <TestMethod codeBase="C:\Users\Axinesis\Desktop\Fusion\AxData.Test\bin\Debug\AxData.Test.dll" adapterTypeName="NUnitForVSTS.NUnitTest.NUnitTestAdapter, NUnitForVSTS.NUnitTest, Version=5.1.0.0, Culture=neutral, PublicKeyToken=null" className="AxData.Test.DataTherapeuteTest" name="Therapeute_Nom_Valide" />
    </UnitTest>
    <UnitTest name="Erreur_WrongSerialPortException_Bien_Traite" storage="c:\users\axinesis\desktop\fusion\axerror.test\bin\debug\axerror.test.dll" id="99f400bb-0ada-6022-1c6a-8a51a33a69ad" xmlns="AxError.Test">
      <Execution id="804b360d-ab9b-4acd-aa9a-631247b5bfb6" xmlns="http://microsoft.com/schemas/VisualStudio/TeamTest/2010" />
      <TestMethod codeBase="C:\Users\Axinesis\Desktop\Fusion\AxError.Test\bin\Debug\AxError.Test.dll" adapterTypeName="NUnitForVSTS.NUnitTest.NUnitTestAdapter, NUnitForVSTS.NUnitTest, Version=5.1.0.0, Culture=neutral, PublicKeyToken=null" className="AxError.Test.GestionErreurTest" name="Erreur_WrongSerialPortException_Bien_Traite" />
    </UnitTest>
    <UnitTest name="Erreur_Robot_FollowingError_Bien_Traite" storage="c:\users\axinesis\desktop\fusion\axerror.test\bin\debug\axerror.test.dll" id="2e360870-3d74-91af-79e4-be8d529dd362" xmlns="AxError.Test">
      <Execution id="406be173-2b1e-4234-8b00-32292ee61ccd" xmlns="http://microsoft.com/schemas/VisualStudio/TeamTest/2010" />
      <TestMethod codeBase="C:\Users\Axinesis\Desktop\Fusion\AxError.Test\bin\Debug\AxError.Test.dll" adapterTypeName="NUnitForVSTS.NUnitTest.NUnitTestAdapter, NUnitForVSTS.NUnitTest, Version=5.1.0.0, Culture=neutral, PublicKeyToken=null" className="AxError.Test.GestionErreurTest" name="Erreur_Robot_FollowingError_Bien_Traite" />
    </UnitTest>
    <UnitTest name="Erreur_Robot_AutoTuningIdentificationError_Bien_Traite" storage="c:\users\axinesis\desktop\fusion\axerror.test\bin\debug\axerror.test.dll" id="e0898479-7725-95c5-c9c2-c8ebc6704474" xmlns="AxError.Test">
      <Execution id="f0715a22-705e-4847-8f6f-0db04d211e91" xmlns="http://microsoft.com/schemas/VisualStudio/TeamTest/2010" />
      <TestMethod codeBase="C:\Users\Axinesis\Desktop\Fusion\AxError.Test\bin\Debug\AxError.Test.dll" adapterTypeName="NUnitForVSTS.NUnitTest.NUnitTestAdapter, NUnitForVSTS.NUnitTest, Version=5.1.0.0, Culture=neutral, PublicKeyToken=null" className="AxError.Test.GestionErreurTest" name="Erreur_Robot_AutoTuningIdentificationError_Bien_Traite" />
    </UnitTest>
    <UnitTest name="Therapeute_Doit_Etre_Admin" storage="c:\users\axinesis\desktop\fusion\axdata.test\bin\debug\axdata.test.dll" id="8df30bf8-76cd-877b-8f7e-5c4d83da39af" xmlns="AxData.Test">
      <Execution id="bae2f773-e8ad-4e1d-9e73-06ed412c1a36" xmlns="http://microsoft.com/schemas/VisualStudio/TeamTest/2010" />
      <TestMethod codeBase="C:\Users\Axinesis\Desktop\Fusion\AxData.Test\bin\Debug\AxData.Test.dll" adapterTypeName="NUnitForVSTS.NUnitTest.NUnitTestAdapter, NUnitForVSTS.NUnitTest, Version=5.1.0.0, Culture=neutral, PublicKeyToken=null" className="AxData.Test.DataTherapeuteTest" name="Therapeute_Doit_Etre_Admin" />
    </UnitTest>
    <UnitTest name="Exercice_Doit_Etre_Type_FreeAmpl_Avec_Theme" storage="c:\users\axinesis\desktop\fusion\axexercicegenerator.test\bin\debug\axexercicegenerator.test.dll" id="a1966c6a-89d2-337f-4636-dc1c68800169" xmlns="AxExerciceGenerator.Test">
      <Execution id="c0c09fa6-dd74-4270-9bd5-69fc044aab6a" xmlns="http://microsoft.com/schemas/VisualStudio/TeamTest/2010" />
      <TestMethod codeBase="C:\Users\Axinesis\Desktop\Fusion\AxExerciceGenerator.Test\bin\Debug\AxExerciceGenerator.Test.dll" adapterTypeName="NUnitForVSTS.NUnitTest.NUnitTestAdapter, NUnitForVSTS.NUnitTest, Version=5.1.0.0, Culture=neutral, PublicKeyToken=null" className="AxExerciceGenerator.Test.ExerciceGeneratorTest" name="Exercice_Doit_Etre_Type_FreeAmpl_Avec_Theme" />
    </UnitTest>
    <UnitTest name="Quitter_Exercice_En_Cours_Oui_Vers_HomeViewModel" storage="c:\users\axinesis\desktop\fusion\axnavigation.test\bin\debug\axnavigation.test.dll" id="432be06a-e2a8-0624-2aba-809b91f8a164" xmlns="AxNavigation.Test">
      <Execution id="978fe299-7030-43f8-8d33-49a49aac5ad9" xmlns="http://microsoft.com/schemas/VisualStudio/TeamTest/2010" />
      <TestMethod codeBase="C:\Users\Axinesis\Desktop\Fusion\AxNavigation.Test\bin\Debug\AxNavigation.Test.dll" adapterTypeName="NUnitForVSTS.NUnitTest.NUnitTestAdapter, NUnitForVSTS.NUnitTest, Version=5.1.0.0, Culture=neutral, PublicKeyToken=null" className="AxNavigation.Test.NavigationVisualisationViewModelTest" name="Quitter_Exercice_En_Cours_Oui_Vers_HomeViewModel" />
    </UnitTest>
    <UnitTest name="Erreur_Robot_EncoderResolutionError_Bien_Traite" storage="c:\users\axinesis\desktop\fusion\axerror.test\bin\debug\axerror.test.dll" id="f6381e6b-e08a-f44f-1c2d-4a4e13a50dfd" xmlns="AxError.Test">
      <Execution id="9de3d16e-44f1-4b0e-96f3-3fa68c6b0204" xmlns="http://microsoft.com/schemas/VisualStudio/TeamTest/2010" />
      <TestMethod codeBase="C:\Users\Axinesis\Desktop\Fusion\AxError.Test\bin\Debug\AxError.Test.dll" adapterTypeName="NUnitForVSTS.NUnitTest.NUnitTestAdapter, NUnitForVSTS.NUnitTest, Version=5.1.0.0, Culture=neutral, PublicKeyToken=null" className="AxError.Test.GestionErreurTest" name="Erreur_Robot_EncoderResolutionError_Bien_Traite" />
    </UnitTest>
    <UnitTest name="Therapeute_Prenom_Valide" storage="c:\users\axinesis\desktop\fusion\axdata.test\bin\debug\axdata.test.dll" id="35595230-5bd0-ff18-4c33-6a82b4105ca2" xmlns="AxData.Test">
      <Execution id="dbd9d23f-c64f-41ac-b4ca-91e3132176ab" xmlns="http://microsoft.com/schemas/VisualStudio/TeamTest/2010" />
      <TestMethod codeBase="C:\Users\Axinesis\Desktop\Fusion\AxData.Test\bin\Debug\AxData.Test.dll" adapterTypeName="NUnitForVSTS.NUnitTest.NUnitTestAdapter, NUnitForVSTS.NUnitTest, Version=5.1.0.0, Culture=neutral, PublicKeyToken=null" className="AxData.Test.DataTherapeuteTest" name="Therapeute_Prenom_Valide" />
    </UnitTest>
    <UnitTest name="Erreur_Robot_SupplyVoltageOutputStageTooLow_Bien_Traite" storage="c:\users\axinesis\desktop\fusion\axerror.test\bin\debug\axerror.test.dll" id="0d760264-1fec-2999-c240-365c64ffbe15" xmlns="AxError.Test">
      <Execution id="de24992c-d782-453e-b616-d24cbfa355e0" xmlns="http://microsoft.com/schemas/VisualStudio/TeamTest/2010" />
      <TestMethod codeBase="C:\Users\Axinesis\Desktop\Fusion\AxError.Test\bin\Debug\AxError.Test.dll" adapterTypeName="NUnitForVSTS.NUnitTest.NUnitTestAdapter, NUnitForVSTS.NUnitTest, Version=5.1.0.0, Culture=neutral, PublicKeyToken=null" className="AxError.Test.GestionErreurTest" name="Erreur_Robot_SupplyVoltageOutputStageTooLow_Bien_Traite" />
    </UnitTest>
    <UnitTest name="Therapeute_Login_Mdp_Doivent_Etre_Rempli" storage="c:\users\axinesis\desktop\fusion\axdata.test\bin\debug\axdata.test.dll" id="354fc1a4-174b-33c4-c868-90f05d831a1a" xmlns="AxData.Test">
      <Execution id="8455b02e-0c31-4579-95a1-d3586c0b8ee9" xmlns="http://microsoft.com/schemas/VisualStudio/TeamTest/2010" />
      <TestMethod codeBase="C:\Users\Axinesis\Desktop\Fusion\AxData.Test\bin\Debug\AxData.Test.dll" adapterTypeName="NUnitForVSTS.NUnitTest.NUnitTestAdapter, NUnitForVSTS.NUnitTest, Version=5.1.0.0, Culture=neutral, PublicKeyToken=null" className="AxData.Test.DataTherapeuteTest" name="Therapeute_Login_Mdp_Doivent_Etre_Rempli" />
    </UnitTest>
    <UnitTest name="Erreur_Robot_OvercurrentError_Bien_Traite" storage="c:\users\axinesis\desktop\fusion\axerror.test\bin\debug\axerror.test.dll" id="4ff74c24-6e9b-810e-a11a-0426b9c06e93" xmlns="AxError.Test">
      <Execution id="9f057c28-688c-4aec-a6a0-4865ca104708" xmlns="http://microsoft.com/schemas/VisualStudio/TeamTest/2010" />
      <TestMethod codeBase="C:\Users\Axinesis\Desktop\Fusion\AxError.Test\bin\Debug\AxError.Test.dll" adapterTypeName="NUnitForVSTS.NUnitTest.NUnitTestAdapter, NUnitForVSTS.NUnitTest, Version=5.1.0.0, Culture=neutral, PublicKeyToken=null" className="AxError.Test.GestionErreurTest" name="Erreur_Robot_OvercurrentError_Bien_Traite" />
    </UnitTest>
    <UnitTest name="Patient_Prenom_Est_Valide" storage="c:\users\axinesis\desktop\fusion\axerror.test\bin\debug\axerror.test.dll" id="ee85c135-d168-c271-408c-240e4713e404" xmlns="AxError.Test">
      <Execution id="d944dc24-6f5b-4177-99a4-ea2cac3439fb" xmlns="http://microsoft.com/schemas/VisualStudio/TeamTest/2010" />
      <TestMethod codeBase="C:\Users\Axinesis\Desktop\Fusion\AxError.Test\bin\Debug\AxError.Test.dll" adapterTypeName="NUnitForVSTS.NUnitTest.NUnitTestAdapter, NUnitForVSTS.NUnitTest, Version=5.1.0.0, Culture=neutral, PublicKeyToken=null" className="AxError.Test.ErrorInterfaceTest" name="Patient_Prenom_Est_Valide" />
    </UnitTest>
    <UnitTest name="Distance_Entre_Plusieur_Points" storage="c:\users\axinesis\desktop\fusion\axanalyse.test\bin\debug\axanalyse.test.dll" id="c5df75b3-144c-2597-17e1-ed5cf6d153e4" xmlns="AxAnalyse.Test">
      <Execution id="2140fb04-6393-49e7-866f-fb451d62ff1d" xmlns="http://microsoft.com/schemas/VisualStudio/TeamTest/2010" />
      <TestMethod codeBase="C:\Users\Axinesis\Desktop\Fusion\AxAnalyse.Test\bin\Debug\AxAnalyse.Test.dll" adapterTypeName="NUnitForVSTS.NUnitTest.NUnitTestAdapter, NUnitForVSTS.NUnitTest, Version=5.1.0.0, Culture=neutral, PublicKeyToken=null" className="AxAnalyse.Test.AnalyseTest" name="Distance_Entre_Plusieur_Points" />
    </UnitTest>
    <UnitTest name="Patient_ID2_Obligatoire" storage="c:\users\axinesis\desktop\fusion\axdata.test\bin\debug\axdata.test.dll" id="8ba1fb0e-b6e5-ffa6-335a-2d325b6a0e71" xmlns="AxData.Test">
      <Execution id="790907cd-eb18-4c99-ad8c-b36a75a92f55" xmlns="http://microsoft.com/schemas/VisualStudio/TeamTest/2010" />
      <TestMethod codeBase="C:\Users\Axinesis\Desktop\Fusion\AxData.Test\bin\Debug\AxData.Test.dll" adapterTypeName="NUnitForVSTS.NUnitTest.NUnitTestAdapter, NUnitForVSTS.NUnitTest, Version=5.1.0.0, Culture=neutral, PublicKeyToken=null" className="AxData.Test.DataPatientTest" name="Patient_ID2_Obligatoire" />
    </UnitTest>
    <UnitTest name="Patient_Bien_Supprime" storage="c:\users\axinesis\desktop\fusion\axdata.test\bin\debug\axdata.test.dll" id="2773513e-6b8c-7f26-cda7-ed323f58b406" xmlns="AxData.Test">
      <Execution id="6c2f8a87-8c43-46b6-bbb3-d7aefe541f91" xmlns="http://microsoft.com/schemas/VisualStudio/TeamTest/2010" />
      <TestMethod codeBase="C:\Users\Axinesis\Desktop\Fusion\AxData.Test\bin\Debug\AxData.Test.dll" adapterTypeName="NUnitForVSTS.NUnitTest.NUnitTestAdapter, NUnitForVSTS.NUnitTest, Version=5.1.0.0, Culture=neutral, PublicKeyToken=null" className="AxData.Test.DataPatientTest" name="Patient_Bien_Supprime" />
    </UnitTest>
    <UnitTest name="Bonne_Date_Patient_Trouve" storage="c:\users\axinesis\desktop\fusion\axdata.test\bin\debug\axdata.test.dll" id="9a9c9aca-748b-bfa8-d869-cf515d3be60d" xmlns="AxData.Test">
      <Execution id="98057214-e6f0-4441-a1aa-2cc8aa8288c4" xmlns="http://microsoft.com/schemas/VisualStudio/TeamTest/2010" />
      <TestMethod codeBase="C:\Users\Axinesis\Desktop\Fusion\AxData.Test\bin\Debug\AxData.Test.dll" adapterTypeName="NUnitForVSTS.NUnitTest.NUnitTestAdapter, NUnitForVSTS.NUnitTest, Version=5.1.0.0, Culture=neutral, PublicKeyToken=null" className="AxData.Test.DataPatientTest" name="Bonne_Date_Patient_Trouve" />
    </UnitTest>
    <UnitTest name="Digit_Apres_Decembre_1999_Mauvais" storage="c:\users\axinesis\desktop\fusion\axerror.test\bin\debug\axerror.test.dll" id="801619e0-4c6a-c192-158c-5c744706c07f" xmlns="AxError.Test">
      <Execution id="0db22b1d-8678-4f41-a7ee-45da016c698e" xmlns="http://microsoft.com/schemas/VisualStudio/TeamTest/2010" />
      <TestMethod codeBase="C:\Users\Axinesis\Desktop\Fusion\AxError.Test\bin\Debug\AxError.Test.dll" adapterTypeName="NUnitForVSTS.NUnitTest.NUnitTestAdapter, NUnitForVSTS.NUnitTest, Version=5.1.0.0, Culture=neutral, PublicKeyToken=null" className="AxError.Test.ErrorInterfaceTest" name="Digit_Apres_Decembre_1999_Mauvais" />
    </UnitTest>
    <UnitTest name="Erreur_SqlException_Num2_Bien_Traite" storage="c:\users\axinesis\desktop\fusion\axerror.test\bin\debug\axerror.test.dll" id="9675d6c5-a9f0-d1b1-dc83-f2159bbe4e61" xmlns="AxError.Test">
      <Execution id="6920c175-0be1-4cee-a95c-d5e841a42ac4" xmlns="http://microsoft.com/schemas/VisualStudio/TeamTest/2010" />
      <TestMethod codeBase="C:\Users\Axinesis\Desktop\Fusion\AxError.Test\bin\Debug\AxError.Test.dll" adapterTypeName="NUnitForVSTS.NUnitTest.NUnitTestAdapter, NUnitForVSTS.NUnitTest, Version=5.1.0.0, Culture=neutral, PublicKeyToken=null" className="AxError.Test.GestionErreurTest" name="Erreur_SqlException_Num2_Bien_Traite" />
    </UnitTest>
    <UnitTest name="DecoThérapeute_Oui_Vers_ConnexionTherapeuteViewModel" storage="c:\users\axinesis\desktop\fusion\axnavigation.test\bin\debug\axnavigation.test.dll" id="e2a9821c-c720-fc4f-49a9-2e55aa444d68" xmlns="AxNavigation.Test">
      <Execution id="28f058d1-a621-4201-9733-ab93894e006d" xmlns="http://microsoft.com/schemas/VisualStudio/TeamTest/2010" />
      <TestMethod codeBase="C:\Users\Axinesis\Desktop\Fusion\AxNavigation.Test\bin\Debug\AxNavigation.Test.dll" adapterTypeName="NUnitForVSTS.NUnitTest.NUnitTestAdapter, NUnitForVSTS.NUnitTest, Version=5.1.0.0, Culture=neutral, PublicKeyToken=null" className="AxNavigation.Test.NavigationHomeViewModelTest" name="DecoThérapeute_Oui_Vers_ConnexionTherapeuteViewModel" />
    </UnitTest>
    <UnitTest name="Erreur_Robot_SoftwareParameterError_Bien_Traite" storage="c:\users\axinesis\desktop\fusion\axerror.test\bin\debug\axerror.test.dll" id="0929b123-960f-6dfd-d048-b9956810fb4f" xmlns="AxError.Test">
      <Execution id="3acb0083-72c4-4e91-8431-949d1c4b4af8" xmlns="http://microsoft.com/schemas/VisualStudio/TeamTest/2010" />
      <TestMethod codeBase="C:\Users\Axinesis\Desktop\Fusion\AxError.Test\bin\Debug\AxError.Test.dll" adapterTypeName="NUnitForVSTS.NUnitTest.NUnitTestAdapter, NUnitForVSTS.NUnitTest, Version=5.1.0.0, Culture=neutral, PublicKeyToken=null" className="AxError.Test.GestionErreurTest" name="Erreur_Robot_SoftwareParameterError_Bien_Traite" />
    </UnitTest>
    <UnitTest name="Therapeute_Confirmation_Mot_De_Passe" storage="c:\users\axinesis\desktop\fusion\axdata.test\bin\debug\axdata.test.dll" id="a2846e84-e29a-ac6f-f43c-d07bf54453dd" xmlns="AxData.Test">
      <Execution id="fdb75c19-8970-453c-ae34-4d77cf3bc920" xmlns="http://microsoft.com/schemas/VisualStudio/TeamTest/2010" />
      <TestMethod codeBase="C:\Users\Axinesis\Desktop\Fusion\AxData.Test\bin\Debug\AxData.Test.dll" adapterTypeName="NUnitForVSTS.NUnitTest.NUnitTestAdapter, NUnitForVSTS.NUnitTest, Version=5.1.0.0, Culture=neutral, PublicKeyToken=null" className="AxData.Test.DataTherapeuteTest" name="Therapeute_Confirmation_Mot_De_Passe" />
    </UnitTest>
    <UnitTest name="Erreur_Robot_MainSensorDirectionError_Bien_Traite" storage="c:\users\axinesis\desktop\fusion\axerror.test\bin\debug\axerror.test.dll" id="e1a4c390-c5f8-439f-c92b-f2ca8aad4a6c" xmlns="AxError.Test">
      <Execution id="faa65f08-ff1b-4184-9568-585a6aa5a9a9" xmlns="http://microsoft.com/schemas/VisualStudio/TeamTest/2010" />
      <TestMethod codeBase="C:\Users\Axinesis\Desktop\Fusion\AxError.Test\bin\Debug\AxError.Test.dll" adapterTypeName="NUnitForVSTS.NUnitTest.NUnitTestAdapter, NUnitForVSTS.NUnitTest, Version=5.1.0.0, Culture=neutral, PublicKeyToken=null" className="AxError.Test.GestionErreurTest" name="Erreur_Robot_MainSensorDirectionError_Bien_Traite" />
    </UnitTest>
    <UnitTest name="Bon_Nom_Patient_Trouve" storage="c:\users\axinesis\desktop\fusion\axdata.test\bin\debug\axdata.test.dll" id="caa48818-36b7-d70b-1070-130edd123aaf" xmlns="AxData.Test">
      <Execution id="b90c0ace-6e40-4e07-aac1-dd3cad1160ec" xmlns="http://microsoft.com/schemas/VisualStudio/TeamTest/2010" />
      <TestMethod codeBase="C:\Users\Axinesis\Desktop\Fusion\AxData.Test\bin\Debug\AxData.Test.dll" adapterTypeName="NUnitForVSTS.NUnitTest.NUnitTestAdapter, NUnitForVSTS.NUnitTest, Version=5.1.0.0, Culture=neutral, PublicKeyToken=null" className="AxData.Test.DataPatientTest" name="Bon_Nom_Patient_Trouve" />
    </UnitTest>
    <UnitTest name="Exercice_Doit_Etre_Type_Cercle_Avec_Theme" storage="c:\users\axinesis\desktop\fusion\axexercicegenerator.test\bin\debug\axexercicegenerator.test.dll" id="e58b710a-1d4f-3221-e978-e68b6b040c54" xmlns="AxExerciceGenerator.Test">
      <Execution id="f3060511-0405-4299-8853-01cf62cc302b" xmlns="http://microsoft.com/schemas/VisualStudio/TeamTest/2010" />
      <TestMethod codeBase="C:\Users\Axinesis\Desktop\Fusion\AxExerciceGenerator.Test\bin\Debug\AxExerciceGenerator.Test.dll" adapterTypeName="NUnitForVSTS.NUnitTest.NUnitTestAdapter, NUnitForVSTS.NUnitTest, Version=5.1.0.0, Culture=neutral, PublicKeyToken=null" className="AxExerciceGenerator.Test.ExerciceGeneratorTest" name="Exercice_Doit_Etre_Type_Cercle_Avec_Theme" />
    </UnitTest>
    <UnitTest name="Admin_Pas_Dans_La_Bd" storage="c:\users\axinesis\desktop\fusion\axdata.test\bin\debug\axdata.test.dll" id="c9cc9895-7dba-ba49-7119-f12ee348cb8e" xmlns="AxData.Test">
      <Execution id="938f4bdb-afc9-46de-9ff7-8728bc90b810" xmlns="http://microsoft.com/schemas/VisualStudio/TeamTest/2010" />
      <TestMethod codeBase="C:\Users\Axinesis\Desktop\Fusion\AxData.Test\bin\Debug\AxData.Test.dll" adapterTypeName="NUnitForVSTS.NUnitTest.NUnitTestAdapter, NUnitForVSTS.NUnitTest, Version=5.1.0.0, Culture=neutral, PublicKeyToken=null" className="AxData.Test.DataTherapeuteTest" name="Admin_Pas_Dans_La_Bd" />
    </UnitTest>
    <UnitTest name="Erreur_Robot_IndexProcessingError_Bien_Traite" storage="c:\users\axinesis\desktop\fusion\axerror.test\bin\debug\axerror.test.dll" id="6e7616cc-f5c3-4e0a-2f74-0b9986d66ed0" xmlns="AxError.Test">
      <Execution id="b80cc382-5e5c-4c4e-84a6-19f39202b653" xmlns="http://microsoft.com/schemas/VisualStudio/TeamTest/2010" />
      <TestMethod codeBase="C:\Users\Axinesis\Desktop\Fusion\AxError.Test\bin\Debug\AxError.Test.dll" adapterTypeName="NUnitForVSTS.NUnitTest.NUnitTestAdapter, NUnitForVSTS.NUnitTest, Version=5.1.0.0, Culture=neutral, PublicKeyToken=null" className="AxError.Test.GestionErreurTest" name="Erreur_Robot_IndexProcessingError_Bien_Traite" />
    </UnitTest>
    <UnitTest name="Exercice_Doit_Etre_Type_Target_Sans_Theme" storage="c:\users\axinesis\desktop\fusion\axexercicegenerator.test\bin\debug\axexercicegenerator.test.dll" id="470df629-581f-d9c4-ed6e-8910f13ce6a2" xmlns="AxExerciceGenerator.Test">
      <Execution id="82ef4526-4db2-490f-9ab9-1aa118c9426d" xmlns="http://microsoft.com/schemas/VisualStudio/TeamTest/2010" />
      <TestMethod codeBase="C:\Users\Axinesis\Desktop\Fusion\AxExerciceGenerator.Test\bin\Debug\AxExerciceGenerator.Test.dll" adapterTypeName="NUnitForVSTS.NUnitTest.NUnitTestAdapter, NUnitForVSTS.NUnitTest, Version=5.1.0.0, Culture=neutral, PublicKeyToken=null" className="AxExerciceGenerator.Test.ExerciceGeneratorTest" name="Exercice_Doit_Etre_Type_Target_Sans_Theme" />
    </UnitTest>
    <UnitTest name="Erreur_Robot_CanTransmitCobIdCollisionError_Bien_Traite" storage="c:\users\axinesis\desktop\fusion\axerror.test\bin\debug\axerror.test.dll" id="92017067-14ad-573f-0247-6612b560f178" xmlns="AxError.Test">
      <Execution id="9ef0d32b-a749-4474-b00a-3de3d37804e0" xmlns="http://microsoft.com/schemas/VisualStudio/TeamTest/2010" />
      <TestMethod codeBase="C:\Users\Axinesis\Desktop\Fusion\AxError.Test\bin\Debug\AxError.Test.dll" adapterTypeName="NUnitForVSTS.NUnitTest.NUnitTestAdapter, NUnitForVSTS.NUnitTest, Version=5.1.0.0, Culture=neutral, PublicKeyToken=null" className="AxError.Test.GestionErreurTest" name="Erreur_Robot_CanTransmitCobIdCollisionError_Bien_Traite" />
    </UnitTest>
    <UnitTest name="Distance_Entre_Deux_Points_Positive" storage="c:\users\axinesis\desktop\fusion\axanalyse.test\bin\debug\axanalyse.test.dll" id="c3232def-6f8e-d276-40a2-3789adf7a7e8" xmlns="AxAnalyse.Test">
      <Execution id="7f96c207-24e9-4729-827a-1bff25ad3bdc" xmlns="http://microsoft.com/schemas/VisualStudio/TeamTest/2010" />
      <TestMethod codeBase="C:\Users\Axinesis\Desktop\Fusion\AxAnalyse.Test\bin\Debug\AxAnalyse.Test.dll" adapterTypeName="NUnitForVSTS.NUnitTest.NUnitTestAdapter, NUnitForVSTS.NUnitTest, Version=5.1.0.0, Culture=neutral, PublicKeyToken=null" className="AxAnalyse.Test.AnalyseTest" name="Distance_Entre_Deux_Points_Positive" />
    </UnitTest>
    <UnitTest name="Erreur_Robot_AuxiliarySensorDirectionError_Bien_Traite" storage="c:\users\axinesis\desktop\fusion\axerror.test\bin\debug\axerror.test.dll" id="dd92dc7b-d098-851b-826a-9944e389e494" xmlns="AxError.Test">
      <Execution id="5e602f14-dae6-478c-bd70-495363658fa5" xmlns="http://microsoft.com/schemas/VisualStudio/TeamTest/2010" />
      <TestMethod codeBase="C:\Users\Axinesis\Desktop\Fusion\AxError.Test\bin\Debug\AxError.Test.dll" adapterTypeName="NUnitForVSTS.NUnitTest.NUnitTestAdapter, NUnitForVSTS.NUnitTest, Version=5.1.0.0, Culture=neutral, PublicKeyToken=null" className="AxError.Test.GestionErreurTest" name="Erreur_Robot_AuxiliarySensorDirectionError_Bien_Traite" />
    </UnitTest>
    <UnitTest name="Exercice_Doit_Etre_Type_FreeAmpl_Sans_Theme" storage="c:\users\axinesis\desktop\fusion\axexercicegenerator.test\bin\debug\axexercicegenerator.test.dll" id="7f94dfe3-332f-6ad8-2375-32e045760356" xmlns="AxExerciceGenerator.Test">
      <Execution id="41bba7dd-ce26-47d8-9ebf-650dc399ae77" xmlns="http://microsoft.com/schemas/VisualStudio/TeamTest/2010" />
      <TestMethod codeBase="C:\Users\Axinesis\Desktop\Fusion\AxExerciceGenerator.Test\bin\Debug\AxExerciceGenerator.Test.dll" adapterTypeName="NUnitForVSTS.NUnitTest.NUnitTestAdapter, NUnitForVSTS.NUnitTest, Version=5.1.0.0, Culture=neutral, PublicKeyToken=null" className="AxExerciceGenerator.Test.ExerciceGeneratorTest" name="Exercice_Doit_Etre_Type_FreeAmpl_Sans_Theme" />
    </UnitTest>
    <UnitTest name="Patient_Prenom_Obligatoire" storage="c:\users\axinesis\desktop\fusion\axdata.test\bin\debug\axdata.test.dll" id="bda8b925-f57b-a41e-b5e4-cfda8f09d069" xmlns="AxData.Test">
      <Execution id="b8a34c02-fcec-4074-b395-93c044039b39" xmlns="http://microsoft.com/schemas/VisualStudio/TeamTest/2010" />
      <TestMethod codeBase="C:\Users\Axinesis\Desktop\Fusion\AxData.Test\bin\Debug\AxData.Test.dll" adapterTypeName="NUnitForVSTS.NUnitTest.NUnitTestAdapter, NUnitForVSTS.NUnitTest, Version=5.1.0.0, Culture=neutral, PublicKeyToken=null" className="AxData.Test.DataPatientTest" name="Patient_Prenom_Obligatoire" />
    </UnitTest>
    <UnitTest name="Exercice_Doit_Etre_Type_Cercle_Sans_Theme" storage="c:\users\axinesis\desktop\fusion\axexercicegenerator.test\bin\debug\axexercicegenerator.test.dll" id="e4cae4cc-8a84-0f9d-ab32-770e0b7739a5" xmlns="AxExerciceGenerator.Test">
      <Execution id="86da3ecb-c20a-44e5-b148-9c9ac1ef3a20" xmlns="http://microsoft.com/schemas/VisualStudio/TeamTest/2010" />
      <TestMethod codeBase="C:\Users\Axinesis\Desktop\Fusion\AxExerciceGenerator.Test\bin\Debug\AxExerciceGenerator.Test.dll" adapterTypeName="NUnitForVSTS.NUnitTest.NUnitTestAdapter, NUnitForVSTS.NUnitTest, Version=5.1.0.0, Culture=neutral, PublicKeyToken=null" className="AxExerciceGenerator.Test.ExerciceGeneratorTest" name="Exercice_Doit_Etre_Type_Cercle_Sans_Theme" />
    </UnitTest>
    <UnitTest name="Therapeute_Ne_Doit_Pas_Etre_Admin" storage="c:\users\axinesis\desktop\fusion\axdata.test\bin\debug\axdata.test.dll" id="d0376b53-97ff-8f3e-a747-fb79ebf2a3da" xmlns="AxData.Test">
      <Execution id="4df5a104-70a6-4637-b8cd-49acb41de9c1" xmlns="http://microsoft.com/schemas/VisualStudio/TeamTest/2010" />
      <TestMethod codeBase="C:\Users\Axinesis\Desktop\Fusion\AxData.Test\bin\Debug\AxData.Test.dll" adapterTypeName="NUnitForVSTS.NUnitTest.NUnitTestAdapter, NUnitForVSTS.NUnitTest, Version=5.1.0.0, Culture=neutral, PublicKeyToken=null" className="AxData.Test.DataTherapeuteTest" name="Therapeute_Ne_Doit_Pas_Etre_Admin" />
    </UnitTest>
    <UnitTest name="Erreur_Robot_HallSensorError_Bien_Traite" storage="c:\users\axinesis\desktop\fusion\axerror.test\bin\debug\axerror.test.dll" id="581c372c-5787-efa7-eb05-b82da31e13c9" xmlns="AxError.Test">
      <Execution id="bbca3115-bb59-4aab-88ca-84983eeb6149" xmlns="http://microsoft.com/schemas/VisualStudio/TeamTest/2010" />
      <TestMethod codeBase="C:\Users\Axinesis\Desktop\Fusion\AxError.Test\bin\Debug\AxError.Test.dll" adapterTypeName="NUnitForVSTS.NUnitTest.NUnitTestAdapter, NUnitForVSTS.NUnitTest, Version=5.1.0.0, Culture=neutral, PublicKeyToken=null" className="AxError.Test.GestionErreurTest" name="Erreur_Robot_HallSensorError_Bien_Traite" />
    </UnitTest>
    <UnitTest name="Therapeute_Nom_Utilisateur_Longeur_Valide" storage="c:\users\axinesis\desktop\fusion\axdata.test\bin\debug\axdata.test.dll" id="bbea477e-5527-ed14-9100-20bf91c8292e" xmlns="AxData.Test">
      <Execution id="e2f13877-3044-430b-86a5-e070d6ed5a99" xmlns="http://microsoft.com/schemas/VisualStudio/TeamTest/2010" />
      <TestMethod codeBase="C:\Users\Axinesis\Desktop\Fusion\AxData.Test\bin\Debug\AxData.Test.dll" adapterTypeName="NUnitForVSTS.NUnitTest.NUnitTestAdapter, NUnitForVSTS.NUnitTest, Version=5.1.0.0, Culture=neutral, PublicKeyToken=null" className="AxData.Test.DataTherapeuteTest" name="Therapeute_Nom_Utilisateur_Longeur_Valide" />
    </UnitTest>
    <UnitTest name="Erreur_Robot_HallAngleDetectionError_Bien_Traite" storage="c:\users\axinesis\desktop\fusion\axerror.test\bin\debug\axerror.test.dll" id="a844de03-199c-2904-f987-af36e60b2367" xmlns="AxError.Test">
      <Execution id="c92f7942-7a13-401c-a664-8646a61c824c" xmlns="http://microsoft.com/schemas/VisualStudio/TeamTest/2010" />
      <TestMethod codeBase="C:\Users\Axinesis\Desktop\Fusion\AxError.Test\bin\Debug\AxError.Test.dll" adapterTypeName="NUnitForVSTS.NUnitTest.NUnitTestAdapter, NUnitForVSTS.NUnitTest, Version=5.1.0.0, Culture=neutral, PublicKeyToken=null" className="AxError.Test.GestionErreurTest" name="Erreur_Robot_HallAngleDetectionError_Bien_Traite" />
    </UnitTest>
    <UnitTest name="Exercice_Doit_Etre_Type_Target_Avec_Theme" storage="c:\users\axinesis\desktop\fusion\axexercicegenerator.test\bin\debug\axexercicegenerator.test.dll" id="41d929c7-83e1-d0ec-365b-6bff1ab9c1ef" xmlns="AxExerciceGenerator.Test">
      <Execution id="ae5cd99e-e806-4c68-8702-976ac4230526" xmlns="http://microsoft.com/schemas/VisualStudio/TeamTest/2010" />
      <TestMethod codeBase="C:\Users\Axinesis\Desktop\Fusion\AxExerciceGenerator.Test\bin\Debug\AxExerciceGenerator.Test.dll" adapterTypeName="NUnitForVSTS.NUnitTest.NUnitTestAdapter, NUnitForVSTS.NUnitTest, Version=5.1.0.0, Culture=neutral, PublicKeyToken=null" className="AxExerciceGenerator.Test.ExerciceGeneratorTest" name="Exercice_Doit_Etre_Type_Target_Avec_Theme" />
    </UnitTest>
    <UnitTest name="Erreur_Robot_UndervoltageError_Bien_Traite" storage="c:\users\axinesis\desktop\fusion\axerror.test\bin\debug\axerror.test.dll" id="4c328412-8a84-cec3-b518-5abcecc770c8" xmlns="AxError.Test">
      <Execution id="02564fc7-47b8-48af-8137-294853287ed3" xmlns="http://microsoft.com/schemas/VisualStudio/TeamTest/2010" />
      <TestMethod codeBase="C:\Users\Axinesis\Desktop\Fusion\AxError.Test\bin\Debug\AxError.Test.dll" adapterTypeName="NUnitForVSTS.NUnitTest.NUnitTestAdapter, NUnitForVSTS.NUnitTest, Version=5.1.0.0, Culture=neutral, PublicKeyToken=null" className="AxError.Test.GestionErreurTest" name="Erreur_Robot_UndervoltageError_Bien_Traite" />
    </UnitTest>
    <UnitTest name="Jeu_Doit_Etre_Type_Jeu_Avec_Bon_Theme_Moyen" storage="c:\users\axinesis\desktop\fusion\axexercicegenerator.test\bin\debug\axexercicegenerator.test.dll" id="f00b5c2d-ca8b-087e-0e85-8f38ab6323e5" xmlns="AxExerciceGenerator.Test">
      <Execution id="23faaed0-d92a-4814-a980-6acfd4f78220" xmlns="http://microsoft.com/schemas/VisualStudio/TeamTest/2010" />
      <TestMethod codeBase="C:\Users\Axinesis\Desktop\Fusion\AxExerciceGenerator.Test\bin\Debug\AxExerciceGenerator.Test.dll" adapterTypeName="NUnitForVSTS.NUnitTest.NUnitTestAdapter, NUnitForVSTS.NUnitTest, Version=5.1.0.0, Culture=neutral, PublicKeyToken=null" className="AxExerciceGenerator.Test.ExerciceGeneratorTest" name="Jeu_Doit_Etre_Type_Jeu_Avec_Bon_Theme_Moyen" />
    </UnitTest>
    <UnitTest name="Nom_Avec_Chiffre_Non_Valdie" storage="c:\users\axinesis\desktop\fusion\axerror.test\bin\debug\axerror.test.dll" id="0ce6d8c4-d5f8-ce8a-decc-90cca63ec023" xmlns="AxError.Test">
      <Execution id="faea34d2-b41e-412c-843e-ae7940d44a1d" xmlns="http://microsoft.com/schemas/VisualStudio/TeamTest/2010" />
      <TestMethod codeBase="C:\Users\Axinesis\Desktop\Fusion\AxError.Test\bin\Debug\AxError.Test.dll" adapterTypeName="NUnitForVSTS.NUnitTest.NUnitTestAdapter, NUnitForVSTS.NUnitTest, Version=5.1.0.0, Culture=neutral, PublicKeyToken=null" className="AxError.Test.ErrorInterfaceTest" name="Nom_Avec_Chiffre_Non_Valdie" />
    </UnitTest>
    <UnitTest name="Therapeute_Prenom_Obligatoire" storage="c:\users\axinesis\desktop\fusion\axdata.test\bin\debug\axdata.test.dll" id="111b2230-432c-1643-3f22-8c807c7b6b0b" xmlns="AxData.Test">
      <Execution id="174c0d9c-6730-4dfe-82a7-261c42be81cd" xmlns="http://microsoft.com/schemas/VisualStudio/TeamTest/2010" />
      <TestMethod codeBase="C:\Users\Axinesis\Desktop\Fusion\AxData.Test\bin\Debug\AxData.Test.dll" adapterTypeName="NUnitForVSTS.NUnitTest.NUnitTestAdapter, NUnitForVSTS.NUnitTest, Version=5.1.0.0, Culture=neutral, PublicKeyToken=null" className="AxData.Test.DataTherapeuteTest" name="Therapeute_Prenom_Obligatoire" />
    </UnitTest>
    <UnitTest name="NavigateToHome_Vers_HomeViewModel" storage="c:\users\axinesis\desktop\fusion\axnavigation.test\bin\debug\axnavigation.test.dll" id="45e88d5d-f0bd-540d-1a6e-ca02f771c932" xmlns="AxNavigation.Test">
      <Execution id="aeb1a0ab-e8e0-41c5-b858-a104c47acb1a" xmlns="http://microsoft.com/schemas/VisualStudio/TeamTest/2010" />
      <TestMethod codeBase="C:\Users\Axinesis\Desktop\Fusion\AxNavigation.Test\bin\Debug\AxNavigation.Test.dll" adapterTypeName="NUnitForVSTS.NUnitTest.NUnitTestAdapter, NUnitForVSTS.NUnitTest, Version=5.1.0.0, Culture=neutral, PublicKeyToken=null" className="AxNavigation.Test.NavigationEvaluationViewModelTest" name="NavigateToHome_Vers_HomeViewModel" />
    </UnitTest>
    <UnitTest name="Erreur_Robot_SystemOverloadedError_Bien_Traite" storage="c:\users\axinesis\desktop\fusion\axerror.test\bin\debug\axerror.test.dll" id="8c12cfd0-1498-5bdd-91ca-78d79b86f9eb" xmlns="AxError.Test">
      <Execution id="73f66a50-b315-4853-8cdb-c6c9f7f8bb1b" xmlns="http://microsoft.com/schemas/VisualStudio/TeamTest/2010" />
      <TestMethod codeBase="C:\Users\Axinesis\Desktop\Fusion\AxError.Test\bin\Debug\AxError.Test.dll" adapterTypeName="NUnitForVSTS.NUnitTest.NUnitTestAdapter, NUnitForVSTS.NUnitTest, Version=5.1.0.0, Culture=neutral, PublicKeyToken=null" className="AxError.Test.GestionErreurTest" name="Erreur_Robot_SystemOverloadedError_Bien_Traite" />
    </UnitTest>
    <UnitTest name="Erreur_Robot_PositionSensorError_Bien_Traite" storage="c:\users\axinesis\desktop\fusion\axerror.test\bin\debug\axerror.test.dll" id="295107df-971f-3e27-197a-332cb8c3cc50" xmlns="AxError.Test">
      <Execution id="6fd8065a-1d55-4459-bd7f-3c65f0677270" xmlns="http://microsoft.com/schemas/VisualStudio/TeamTest/2010" />
      <TestMethod codeBase="C:\Users\Axinesis\Desktop\Fusion\AxError.Test\bin\Debug\AxError.Test.dll" adapterTypeName="NUnitForVSTS.NUnitTest.NUnitTestAdapter, NUnitForVSTS.NUnitTest, Version=5.1.0.0, Culture=neutral, PublicKeyToken=null" className="AxError.Test.GestionErreurTest" name="Erreur_Robot_PositionSensorError_Bien_Traite" />
    </UnitTest>
    <UnitTest name="Taille_Trop_Petite" storage="c:\users\axinesis\desktop\fusion\axerror.test\bin\debug\axerror.test.dll" id="9fd9b1fa-6e42-0253-d530-aa3bc9535c48" xmlns="AxError.Test">
      <Execution id="4c381d0d-d5bd-41ed-9a3e-ed4b163cfb4e" xmlns="http://microsoft.com/schemas/VisualStudio/TeamTest/2010" />
      <TestMethod codeBase="C:\Users\Axinesis\Desktop\Fusion\AxError.Test\bin\Debug\AxError.Test.dll" adapterTypeName="NUnitForVSTS.NUnitTest.NUnitTestAdapter, NUnitForVSTS.NUnitTest, Version=5.1.0.0, Culture=neutral, PublicKeyToken=null" className="AxError.Test.ErrorInterfaceTest" name="Taille_Trop_Petite" />
    </UnitTest>
    <UnitTest name="Digit_Avant_Janvier_2000_Mauvais" storage="c:\users\axinesis\desktop\fusion\axerror.test\bin\debug\axerror.test.dll" id="0474de96-8b72-8261-8e45-366c15433b15" xmlns="AxError.Test">
      <Execution id="27843706-0933-4bef-89e0-cc19fda2ae65" xmlns="http://microsoft.com/schemas/VisualStudio/TeamTest/2010" />
      <TestMethod codeBase="C:\Users\Axinesis\Desktop\Fusion\AxError.Test\bin\Debug\AxError.Test.dll" adapterTypeName="NUnitForVSTS.NUnitTest.NUnitTestAdapter, NUnitForVSTS.NUnitTest, Version=5.1.0.0, Culture=neutral, PublicKeyToken=null" className="AxError.Test.ErrorInterfaceTest" name="Digit_Avant_Janvier_2000_Mauvais" />
    </UnitTest>
    <UnitTest name="Erreur_Robot_CanOverrunError_Bien_Traite" storage="c:\users\axinesis\desktop\fusion\axerror.test\bin\debug\axerror.test.dll" id="de21bf2b-3c89-6540-e855-d73236ea78a8" xmlns="AxError.Test">
      <Execution id="375dc8f7-540c-4b8d-ad0d-9ec48584d907" xmlns="http://microsoft.com/schemas/VisualStudio/TeamTest/2010" />
      <TestMethod codeBase="C:\Users\Axinesis\Desktop\Fusion\AxError.Test\bin\Debug\AxError.Test.dll" adapterTypeName="NUnitForVSTS.NUnitTest.NUnitTestAdapter, NUnitForVSTS.NUnitTest, Version=5.1.0.0, Culture=neutral, PublicKeyToken=null" className="AxError.Test.GestionErreurTest" name="Erreur_Robot_CanOverrunError_Bien_Traite" />
    </UnitTest>
    <UnitTest name="DecoPatient_Oui_Vers_HomeViewModel" storage="c:\users\axinesis\desktop\fusion\axnavigation.test\bin\debug\axnavigation.test.dll" id="f12e1a8a-71af-23d0-a32f-22bbf6d801ac" xmlns="AxNavigation.Test">
      <Execution id="8ff55074-3f78-47e3-9023-49e61a42ba36" xmlns="http://microsoft.com/schemas/VisualStudio/TeamTest/2010" />
      <TestMethod codeBase="C:\Users\Axinesis\Desktop\Fusion\AxNavigation.Test\bin\Debug\AxNavigation.Test.dll" adapterTypeName="NUnitForVSTS.NUnitTest.NUnitTestAdapter, NUnitForVSTS.NUnitTest, Version=5.1.0.0, Culture=neutral, PublicKeyToken=null" className="AxNavigation.Test.NavigationMainViewModelTest" name="DecoPatient_Oui_Vers_HomeViewModel" />
    </UnitTest>
    <UnitTest name="Erreur_AlreadyOpenSerialPortException_Bien_Traite" storage="c:\users\axinesis\desktop\fusion\axerror.test\bin\debug\axerror.test.dll" id="ed899626-e988-333c-7742-04cd720ec9a7" xmlns="AxError.Test">
      <Execution id="81f2def6-66ec-4a53-82f3-cd99a65d5085" xmlns="http://microsoft.com/schemas/VisualStudio/TeamTest/2010" />
      <TestMethod codeBase="C:\Users\Axinesis\Desktop\Fusion\AxError.Test\bin\Debug\AxError.Test.dll" adapterTypeName="NUnitForVSTS.NUnitTest.NUnitTestAdapter, NUnitForVSTS.NUnitTest, Version=5.1.0.0, Culture=neutral, PublicKeyToken=null" className="AxError.Test.GestionErreurTest" name="Erreur_AlreadyOpenSerialPortException_Bien_Traite" />
    </UnitTest>
    <UnitTest name="Erreur_SqlException_Num4060_Bien_Traite" storage="c:\users\axinesis\desktop\fusion\axerror.test\bin\debug\axerror.test.dll" id="42784824-7f1f-8f16-8a9c-72a03e7e4177" xmlns="AxError.Test">
      <Execution id="d52bff07-1b2a-406e-b72f-10ac10b02e58" xmlns="http://microsoft.com/schemas/VisualStudio/TeamTest/2010" />
      <TestMethod codeBase="C:\Users\Axinesis\Desktop\Fusion\AxError.Test\bin\Debug\AxError.Test.dll" adapterTypeName="NUnitForVSTS.NUnitTest.NUnitTestAdapter, NUnitForVSTS.NUnitTest, Version=5.1.0.0, Culture=neutral, PublicKeyToken=null" className="AxError.Test.GestionErreurTest" name="Erreur_SqlException_Num4060_Bien_Traite" />
    </UnitTest>
    <UnitTest name="Erreur_Robot_OvervoltageError_Bien_Traite" storage="c:\users\axinesis\desktop\fusion\axerror.test\bin\debug\axerror.test.dll" id="58267df6-27d7-de99-f3be-2ac90f317834" xmlns="AxError.Test">
      <Execution id="5f798a99-7432-4840-a0ff-13ac6143fe47" xmlns="http://microsoft.com/schemas/VisualStudio/TeamTest/2010" />
      <TestMethod codeBase="C:\Users\Axinesis\Desktop\Fusion\AxError.Test\bin\Debug\AxError.Test.dll" adapterTypeName="NUnitForVSTS.NUnitTest.NUnitTestAdapter, NUnitForVSTS.NUnitTest, Version=5.1.0.0, Culture=neutral, PublicKeyToken=null" className="AxError.Test.GestionErreurTest" name="Erreur_Robot_OvervoltageError_Bien_Traite" />
    </UnitTest>
    <UnitTest name="Nom_Est_Valide" storage="c:\users\axinesis\desktop\fusion\axerror.test\bin\debug\axerror.test.dll" id="b8fd7e59-747c-17d3-c6d0-98a165828ac4" xmlns="AxError.Test">
      <Execution id="19b49fb9-a7ef-4c27-a126-5531d8bae4b7" xmlns="http://microsoft.com/schemas/VisualStudio/TeamTest/2010" />
      <TestMethod codeBase="C:\Users\Axinesis\Desktop\Fusion\AxError.Test\bin\Debug\AxError.Test.dll" adapterTypeName="NUnitForVSTS.NUnitTest.NUnitTestAdapter, NUnitForVSTS.NUnitTest, Version=5.1.0.0, Culture=neutral, PublicKeyToken=null" className="AxError.Test.ErrorInterfaceTest" name="Nom_Est_Valide" />
    </UnitTest>
    <UnitTest name="Therapeute_Connection_Login_Bon_Mdp_Bon" storage="c:\users\axinesis\desktop\fusion\axdata.test\bin\debug\axdata.test.dll" id="6baf9aec-dbb5-4f84-ed05-5b1fdabda1f6" xmlns="AxData.Test">
      <Execution id="47c587d3-b42e-4125-bf21-549faa914a71" xmlns="http://microsoft.com/schemas/VisualStudio/TeamTest/2010" />
      <TestMethod codeBase="C:\Users\Axinesis\Desktop\Fusion\AxData.Test\bin\Debug\AxData.Test.dll" adapterTypeName="NUnitForVSTS.NUnitTest.NUnitTestAdapter, NUnitForVSTS.NUnitTest, Version=5.1.0.0, Culture=neutral, PublicKeyToken=null" className="AxData.Test.DataTherapeuteTest" name="Therapeute_Connection_Login_Bon_Mdp_Bon" />
    </UnitTest>
    <UnitTest name="Exercice_Doit_Avoir_Base_Config" storage="c:\users\axinesis\desktop\fusion\axexercicegenerator.test\bin\debug\axexercicegenerator.test.dll" id="f7916e99-2ca8-0ce5-1775-44086440dfca" xmlns="AxExerciceGenerator.Test">
      <Execution id="2ae8df93-a855-4d2e-8f20-9bb4558a1963" xmlns="http://microsoft.com/schemas/VisualStudio/TeamTest/2010" />
      <TestMethod codeBase="C:\Users\Axinesis\Desktop\Fusion\AxExerciceGenerator.Test\bin\Debug\AxExerciceGenerator.Test.dll" adapterTypeName="NUnitForVSTS.NUnitTest.NUnitTestAdapter, NUnitForVSTS.NUnitTest, Version=5.1.0.0, Culture=neutral, PublicKeyToken=null" className="AxExerciceGenerator.Test.ExerciceGeneratorTest" name="Exercice_Doit_Avoir_Base_Config" />
    </UnitTest>
    <UnitTest name="Erreur_Robot_ControllerGainError_Bien_Traite" storage="c:\users\axinesis\desktop\fusion\axerror.test\bin\debug\axerror.test.dll" id="25ecd32e-c21d-11c1-5e00-2394c558cc02" xmlns="AxError.Test">
      <Execution id="2a53a635-b22f-41a8-bb61-0f9b1769ff2d" xmlns="http://microsoft.com/schemas/VisualStudio/TeamTest/2010" />
      <TestMethod codeBase="C:\Users\Axinesis\Desktop\Fusion\AxError.Test\bin\Debug\AxError.Test.dll" adapterTypeName="NUnitForVSTS.NUnitTest.NUnitTestAdapter, NUnitForVSTS.NUnitTest, Version=5.1.0.0, Culture=neutral, PublicKeyToken=null" className="AxError.Test.GestionErreurTest" name="Erreur_Robot_ControllerGainError_Bien_Traite" />
    </UnitTest>
    <UnitTest name="Distance_Entre_Deux_Points_Negative" storage="c:\users\axinesis\desktop\fusion\axanalyse.test\bin\debug\axanalyse.test.dll" id="ed5d1215-e582-5800-31ce-c5bd5d4ba85a" xmlns="AxAnalyse.Test">
      <Execution id="8c94f7f3-02c8-4842-8b7f-1459dc9bb5b6" xmlns="http://microsoft.com/schemas/VisualStudio/TeamTest/2010" />
      <TestMethod codeBase="C:\Users\Axinesis\Desktop\Fusion\AxAnalyse.Test\bin\Debug\AxAnalyse.Test.dll" adapterTypeName="NUnitForVSTS.NUnitTest.NUnitTestAdapter, NUnitForVSTS.NUnitTest, Version=5.1.0.0, Culture=neutral, PublicKeyToken=null" className="AxAnalyse.Test.AnalyseTest" name="Distance_Entre_Deux_Points_Negative" />
    </UnitTest>
    <UnitTest name="Erreur_Robot_SoftwarePositionLimitError_Bien_Traite" storage="c:\users\axinesis\desktop\fusion\axerror.test\bin\debug\axerror.test.dll" id="f3282b9f-62b9-2180-8977-69bed228d06a" xmlns="AxError.Test">
[...]
    </TestResultAggregation>
    <TestResultAggregation executionId="b22a39e1-a386-4b51-ad53-a26260dcb2bb" testId="b0e62a3f-dbda-5351-cdbf-e39911c0ab52" testName="Poids_Trop_Petit" computerName="PC-AXINESIS-004" startTime="2014-07-30T10:25:30.8772988+02:00" endTime="2014-07-30T10:25:30.8772988+02:00" testType="d6af2cae-ad69-4f6b-94e9-14e2609e2389" outcome="Passed" testListId="8c84fa94-04c1-424b-9868-57a2d4851a1d" relativeResultsDirectory="b22a39e1-a386-4b51-ad53-a26260dcb2bb">
    </TestResultAggregation>
    <TestResultAggregation executionId="a24d1859-c0ae-4e48-aaaa-70c197347939" testId="b327e7c1-b25a-ea16-5827-7059ea867750" testName="Erreur_Robot_CanOverrunErrorObjectsLost_Bien_Traite" computerName="PC-AXINESIS-004" startTime="2014-07-30T10:25:32.4398744+02:00" endTime="2014-07-30T10:25:32.4398744+02:00" testType="d6af2cae-ad69-4f6b-94e9-14e2609e2389" outcome="Passed" testListId="8c84fa94-04c1-424b-9868-57a2d4851a1d" relativeResultsDirectory="a24d1859-c0ae-4e48-aaaa-70c197347939">
    </TestResultAggregation>
    <TestResultAggregation executionId="c2f8eb2e-0498-49d5-8f7b-0fc46655c1fc" testId="b7e43fdb-6e64-2c94-dcce-89d4bd434ec6" testName="Therapeute_Mot_De_Passe_Longeur_Valide" computerName="PC-AXINESIS-004" duration="00:00:00.0160000" startTime="2014-07-30T10:25:33.3926698+02:00" endTime="2014-07-30T10:25:33.4086698+02:00" testType="d6af2cae-ad69-4f6b-94e9-14e2609e2389" outcome="Passed" testListId="8c84fa94-04c1-424b-9868-57a2d4851a1d" relativeResultsDirectory="c2f8eb2e-0498-49d5-8f7b-0fc46655c1fc">
    </TestResultAggregation>
    <TestResultAggregation executionId="19b49fb9-a7ef-4c27-a126-5531d8bae4b7" testId="b8fd7e59-747c-17d3-c6d0-98a165828ac4" testName="Nom_Est_Valide" computerName="PC-AXINESIS-004" startTime="2014-07-30T10:25:30.8772988+02:00" endTime="2014-07-30T10:25:30.8772988+02:00" testType="d6af2cae-ad69-4f6b-94e9-14e2609e2389" outcome="Passed" testListId="8c84fa94-04c1-424b-9868-57a2d4851a1d" relativeResultsDirectory="19b49fb9-a7ef-4c27-a126-5531d8bae4b7">
    </TestResultAggregation>
    <TestResultAggregation executionId="b18de1b3-051f-4fe0-b4d9-1b0591801937" testId="b97e58f3-cbc0-bcdd-6669-a43c0d325371" testName="Erreur_Robot_InternalSoftwareError_Bien_Traite" computerName="PC-AXINESIS-004" duration="00:00:00.0160000" startTime="2014-07-30T10:25:32.4707495+02:00" endTime="2014-07-30T10:25:32.4867495+02:00" testType="d6af2cae-ad69-4f6b-94e9-14e2609e2389" outcome="Passed" testListId="8c84fa94-04c1-424b-9868-57a2d4851a1d" relativeResultsDirectory="b18de1b3-051f-4fe0-b4d9-1b0591801937">
    </TestResultAggregation>
    <TestResultAggregation executionId="e2f13877-3044-430b-86a5-e070d6ed5a99" testId="bbea477e-5527-ed14-9100-20bf91c8292e" testName="Therapeute_Nom_Utilisateur_Longeur_Valide" computerName="PC-AXINESIS-004" startTime="2014-07-30T10:25:33.4399194+02:00" endTime="2014-07-30T10:25:33.4399194+02:00" testType="d6af2cae-ad69-4f6b-94e9-14e2609e2389" outcome="Passed" testListId="8c84fa94-04c1-424b-9868-57a2d4851a1d" relativeResultsDirectory="e2f13877-3044-430b-86a5-e070d6ed5a99">
    </TestResultAggregation>
    <TestResultAggregation executionId="b8a34c02-fcec-4074-b395-93c044039b39" testId="bda8b925-f57b-a41e-b5e4-cfda8f09d069" testName="Patient_Prenom_Obligatoire" computerName="PC-AXINESIS-004" startTime="2014-07-30T10:25:35.0181206+02:00" endTime="2014-07-30T10:25:35.0181206+02:00" testType="d6af2cae-ad69-4f6b-94e9-14e2609e2389" outcome="Passed" testListId="8c84fa94-04c1-424b-9868-57a2d4851a1d" relativeResultsDirectory="b8a34c02-fcec-4074-b395-93c044039b39">
    </TestResultAggregation>
    <TestResultAggregation executionId="f3023c93-c363-469d-9c01-f7f36438c9f4" testId="bf764ba8-8696-c92f-3f57-afea2c1bfe57" testName="Erreur_Robot_OvertemperatureError_Bien_Traite" computerName="PC-AXINESIS-004" startTime="2014-07-30T10:25:32.5023767+02:00" endTime="2014-07-30T10:25:32.5023767+02:00" testType="d6af2cae-ad69-4f6b-94e9-14e2609e2389" outcome="Passed" testListId="8c84fa94-04c1-424b-9868-57a2d4851a1d" relativeResultsDirectory="f3023c93-c363-469d-9c01-f7f36438c9f4">
    </TestResultAggregation>
    <TestResultAggregation executionId="7f96c207-24e9-4729-827a-1bff25ad3bdc" testId="c3232def-6f8e-d276-40a2-3789adf7a7e8" testName="Distance_Entre_Deux_Points_Positive" computerName="PC-AXINESIS-004" startTime="2014-07-30T10:25:35.4243875+02:00" endTime="2014-07-30T10:25:35.4243875+02:00" testType="d6af2cae-ad69-4f6b-94e9-14e2609e2389" outcome="Passed" testListId="8c84fa94-04c1-424b-9868-57a2d4851a1d" relativeResultsDirectory="7f96c207-24e9-4729-827a-1bff25ad3bdc">
    </TestResultAggregation>
    <TestResultAggregation executionId="b415d9cf-49b6-47a3-b039-71368c33772e" testId="c49b8624-edd6-882f-a895-24bc1ddc98ef" testName="Patient_ID1_Obligatoire" computerName="PC-AXINESIS-004" startTime="2014-07-30T10:25:35.0024950+02:00" endTime="2014-07-30T10:25:35.0024950+02:00" testType="d6af2cae-ad69-4f6b-94e9-14e2609e2389" outcome="Passed" testListId="8c84fa94-04c1-424b-9868-57a2d4851a1d" relativeResultsDirectory="b415d9cf-49b6-47a3-b039-71368c33772e">
    </TestResultAggregation>
    <TestResultAggregation executionId="2140fb04-6393-49e7-866f-fb451d62ff1d" testId="c5df75b3-144c-2597-17e1-ed5cf6d153e4" testName="Distance_Entre_Plusieur_Points" computerName="PC-AXINESIS-004" startTime="2014-07-30T10:25:35.4243875+02:00" endTime="2014-07-30T10:25:35.4243875+02:00" testType="d6af2cae-ad69-4f6b-94e9-14e2609e2389" outcome="Passed" testListId="8c84fa94-04c1-424b-9868-57a2d4851a1d" relativeResultsDirectory="2140fb04-6393-49e7-866f-fb451d62ff1d">
    </TestResultAggregation>
    <TestResultAggregation executionId="938f4bdb-afc9-46de-9ff7-8728bc90b810" testId="c9cc9895-7dba-ba49-7119-f12ee348cb8e" testName="Admin_Pas_Dans_La_Bd" computerName="PC-AXINESIS-004" duration="00:00:00.0310000" startTime="2014-07-30T10:25:33.2839145+02:00" endTime="2014-07-30T10:25:33.3149145+02:00" testType="d6af2cae-ad69-4f6b-94e9-14e2609e2389" outcome="Passed" testListId="8c84fa94-04c1-424b-9868-57a2d4851a1d" relativeResultsDirectory="938f4bdb-afc9-46de-9ff7-8728bc90b810">
    </TestResultAggregation>
    <TestResultAggregation executionId="b90c0ace-6e40-4e07-aac1-dd3cad1160ec" testId="caa48818-36b7-d70b-1070-130edd123aaf" testName="Bon_Nom_Patient_Trouve" computerName="PC-AXINESIS-004" duration="00:00:00.3750000" startTime="2014-07-30T10:25:34.5337384+02:00" endTime="2014-07-30T10:25:34.9087384+02:00" testType="d6af2cae-ad69-4f6b-94e9-14e2609e2389" outcome="Passed" testListId="8c84fa94-04c1-424b-9868-57a2d4851a1d" relativeResultsDirectory="b90c0ace-6e40-4e07-aac1-dd3cad1160ec">
    </TestResultAggregation>
    <TestResultAggregation executionId="4df5a104-70a6-4637-b8cd-49acb41de9c1" testId="d0376b53-97ff-8f3e-a747-fb79ebf2a3da" testName="Therapeute_Ne_Doit_Pas_Etre_Admin" computerName="PC-AXINESIS-004" duration="00:00:00.0160000" startTime="2014-07-30T10:25:33.4082936+02:00" endTime="2014-07-30T10:25:33.4242936+02:00" testType="d6af2cae-ad69-4f6b-94e9-14e2609e2389" outcome="Passed" testListId="8c84fa94-04c1-424b-9868-57a2d4851a1d" relativeResultsDirectory="4df5a104-70a6-4637-b8cd-49acb41de9c1">
    </TestResultAggregation>
    <TestResultAggregation executionId="fa1164bf-9991-4e9a-8238-c57c59de12af" testId="d1d5bdee-95e1-826a-6e8c-92bd1b1d1870" testName="Taille_Trop_Grande" computerName="PC-AXINESIS-004" startTime="2014-07-30T10:25:30.8772988+02:00" endTime="2014-07-30T10:25:30.8772988+02:00" testType="d6af2cae-ad69-4f6b-94e9-14e2609e2389" outcome="Passed" testListId="8c84fa94-04c1-424b-9868-57a2d4851a1d" relativeResultsDirectory="fa1164bf-9991-4e9a-8238-c57c59de12af">
    </TestResultAggregation>
    <TestResultAggregation executionId="886023a8-effe-4c63-b1eb-1fdec9f4c63d" testId="d1e4e0aa-1b84-a4ad-c411-f5ed64c5a640" testName="Vitesse_Moyenne" computerName="PC-AXINESIS-004" startTime="2014-07-30T10:25:35.4243875+02:00" endTime="2014-07-30T10:25:35.4243875+02:00" testType="d6af2cae-ad69-4f6b-94e9-14e2609e2389" outcome="Passed" testListId="8c84fa94-04c1-424b-9868-57a2d4851a1d" relativeResultsDirectory="886023a8-effe-4c63-b1eb-1fdec9f4c63d">
    </TestResultAggregation>
    <TestResultAggregation executionId="3a240472-64c1-4c9d-b340-b146533ec515" testId="d70d4846-e790-2791-a7f6-aea47d197ce3" testName="Erreur_Robot_CanPassiveModeError_Bien_Traite" computerName="PC-AXINESIS-004" startTime="2014-07-30T10:25:32.4398744+02:00" endTime="2014-07-30T10:25:32.4398744+02:00" testType="d6af2cae-ad69-4f6b-94e9-14e2609e2389" outcome="Passed" testListId="8c84fa94-04c1-424b-9868-57a2d4851a1d" relativeResultsDirectory="3a240472-64c1-4c9d-b340-b146533ec515">
    </TestResultAggregation>
    <TestResultAggregation executionId="894771ca-b463-4b67-af5b-adf8b5098346" testId="d7da732c-fc15-83c6-835a-a08965ba8304" testName="Therapeute_Nom_Utilisateur_Obligatoire" computerName="PC-AXINESIS-004" startTime="2014-07-30T10:25:33.4399194+02:00" endTime="2014-07-30T10:25:33.4399194+02:00" testType="d6af2cae-ad69-4f6b-94e9-14e2609e2389" outcome="Passed" testListId="8c84fa94-04c1-424b-9868-57a2d4851a1d" relativeResultsDirectory="894771ca-b463-4b67-af5b-adf8b5098346">
    </TestResultAggregation>
    <TestResultAggregation executionId="f0525125-a35d-4f22-94b4-e0d5be080210" testId="dc5d423e-851c-6658-b8be-e6a841de2fd1" testName="CalcSommeAbs_retourne_positif_quand_reponse_positive" computerName="PC-AXINESIS-004" startTime="2014-07-30T10:25:35.4087641+02:00" endTime="2014-07-30T10:25:35.4087641+02:00" testType="d6af2cae-ad69-4f6b-94e9-14e2609e2389" outcome="Passed" testListId="8c84fa94-04c1-424b-9868-57a2d4851a1d" relativeResultsDirectory="f0525125-a35d-4f22-94b4-e0d5be080210">
    </TestResultAggregation>
    <TestResultAggregation executionId="5e602f14-dae6-478c-bd70-495363658fa5" testId="dd92dc7b-d098-851b-826a-9944e389e494" testName="Erreur_Robot_AuxiliarySensorDirectionError_Bien_Traite" computerName="PC-AXINESIS-004" startTime="2014-07-30T10:25:32.4398744+02:00" endTime="2014-07-30T10:25:32.4398744+02:00" testType="d6af2cae-ad69-4f6b-94e9-14e2609e2389" outcome="Passed" testListId="8c84fa94-04c1-424b-9868-57a2d4851a1d" relativeResultsDirectory="5e602f14-dae6-478c-bd70-495363658fa5">
    </TestResultAggregation>
    <TestResultAggregation executionId="375dc8f7-540c-4b8d-ad0d-9ec48584d907" testId="de21bf2b-3c89-6540-e855-d73236ea78a8" testName="Erreur_Robot_CanOverrunError_Bien_Traite" computerName="PC-AXINESIS-004" startTime="2014-07-30T10:25:32.4398744+02:00" endTime="2014-07-30T10:25:32.4398744+02:00" testType="d6af2cae-ad69-4f6b-94e9-14e2609e2389" outcome="Passed" testListId="8c84fa94-04c1-424b-9868-57a2d4851a1d" relativeResultsDirectory="375dc8f7-540c-4b8d-ad0d-9ec48584d907">
    </TestResultAggregation>
    <TestResultAggregation executionId="f0715a22-705e-4847-8f6f-0db04d211e91" testId="e0898479-7725-95c5-c9c2-c8ebc6704474" testName="Erreur_Robot_AutoTuningIdentificationError_Bien_Traite" computerName="PC-AXINESIS-004" duration="00:00:00.0160000" startTime="2014-07-30T10:25:32.4238744+02:00" endTime="2014-07-30T10:25:32.4398744+02:00" testType="d6af2cae-ad69-4f6b-94e9-14e2609e2389" outcome="Passed" testListId="8c84fa94-04c1-424b-9868-57a2d4851a1d" relativeResultsDirectory="f0715a22-705e-4847-8f6f-0db04d211e91">
    </TestResultAggregation>
    <TestResultAggregation executionId="faa65f08-ff1b-4184-9568-585a6aa5a9a9" testId="e1a4c390-c5f8-439f-c92b-f2ca8aad4a6c" testName="Erreur_Robot_MainSensorDirectionError_Bien_Traite" computerName="PC-AXINESIS-004" startTime="2014-07-30T10:25:32.4867495+02:00" endTime="2014-07-30T10:25:32.4867495+02:00" testType="d6af2cae-ad69-4f6b-94e9-14e2609e2389" outcome="Passed" testListId="8c84fa94-04c1-424b-9868-57a2d4851a1d" relativeResultsDirectory="faa65f08-ff1b-4184-9568-585a6aa5a9a9">
    </TestResultAggregation>
    <TestResultAggregation executionId="28f058d1-a621-4201-9733-ab93894e006d" testId="e2a9821c-c720-fc4f-49a9-2e55aa444d68" testName="DecoThérapeute_Oui_Vers_ConnexionTherapeuteViewModel" computerName="PC-AXINESIS-004" duration="00:00:00.7810000" startTime="2014-07-30T10:25:39.1435997+02:00" endTime="2014-07-30T10:25:39.9245997+02:00" testType="d6af2cae-ad69-4f6b-94e9-14e2609e2389" outcome="Passed" testListId="8c84fa94-04c1-424b-9868-57a2d4851a1d" relativeResultsDirectory="28f058d1-a621-4201-9733-ab93894e006d">
    </TestResultAggregation>
    <TestResultAggregation executionId="86da3ecb-c20a-44e5-b148-9c9ac1ef3a20" testId="e4cae4cc-8a84-0f9d-ab32-770e0b7739a5" testName="Exercice_Doit_Etre_Type_Cercle_Sans_Theme" computerName="PC-AXINESIS-004" duration="00:00:00.0160000" startTime="2014-07-30T10:25:33.9708203+02:00" endTime="2014-07-30T10:25:33.9868203+02:00" testType="d6af2cae-ad69-4f6b-94e9-14e2609e2389" outcome="Passed" testListId="8c84fa94-04c1-424b-9868-57a2d4851a1d" relativeResultsDirectory="86da3ecb-c20a-44e5-b148-9c9ac1ef3a20">
    </TestResultAggregation>
    <TestResultAggregation executionId="f3060511-0405-4299-8853-01cf62cc302b" testId="e58b710a-1d4f-3221-e978-e68b6b040c54" testName="Exercice_Doit_Etre_Type_Cercle_Avec_Theme" computerName="PC-AXINESIS-004" startTime="2014-07-30T10:25:33.9711944+02:00" endTime="2014-07-30T10:25:33.9711944+02:00" testType="d6af2cae-ad69-4f6b-94e9-14e2609e2389" outcome="Passed" testListId="8c84fa94-04c1-424b-9868-57a2d4851a1d" relativeResultsDirectory="f3060511-0405-4299-8853-01cf62cc302b">
    </TestResultAggregation>
    <TestResultAggregation executionId="8487b3a5-b47a-4a41-ad29-433a49743ed9" testId="ea2c6b0a-c912-2fce-46c5-ac0346f15352" testName="Erreur_SqlException_Num53_Bien_Traite" computerName="PC-AXINESIS-004" duration="00:00:00.0160000" startTime="2014-07-30T10:25:32.5176266+02:00" endTime="2014-07-30T10:25:32.5336266+02:00" testType="d6af2cae-ad69-4f6b-94e9-14e2609e2389" outcome="Passed" testListId="8c84fa94-04c1-424b-9868-57a2d4851a1d" relativeResultsDirectory="8487b3a5-b47a-4a41-ad29-433a49743ed9">
    </TestResultAggregation>
    <TestResultAggregation executionId="8c94f7f3-02c8-4842-8b7f-1459dc9bb5b6" testId="ed5d1215-e582-5800-31ce-c5bd5d4ba85a" testName="Distance_Entre_Deux_Points_Negative" computerName="PC-AXINESIS-004" startTime="2014-07-30T10:25:35.4243875+02:00" endTime="2014-07-30T10:25:35.4243875+02:00" testType="d6af2cae-ad69-4f6b-94e9-14e2609e2389" outcome="Passed" testListId="8c84fa94-04c1-424b-9868-57a2d4851a1d" relativeResultsDirectory="8c94f7f3-02c8-4842-8b7f-1459dc9bb5b6">
    </TestResultAggregation>
    <TestResultAggregation executionId="81f2def6-66ec-4a53-82f3-cd99a65d5085" testId="ed899626-e988-333c-7742-04cd720ec9a7" testName="Erreur_AlreadyOpenSerialPortException_Bien_Traite" computerName="PC-AXINESIS-004" duration="00:00:01.1880000" startTime="2014-07-30T10:25:31.2362475+02:00" endTime="2014-07-30T10:25:32.4242475+02:00" testType="d6af2cae-ad69-4f6b-94e9-14e2609e2389" outcome="Passed" testListId="8c84fa94-04c1-424b-9868-57a2d4851a1d" relativeResultsDirectory="81f2def6-66ec-4a53-82f3-cd99a65d5085">
    </TestResultAggregation>
    <TestResultAggregation executionId="d944dc24-6f5b-4177-99a4-ea2cac3439fb" testId="ee85c135-d168-c271-408c-240e4713e404" testName="Patient_Prenom_Est_Valide" computerName="PC-AXINESIS-004" startTime="2014-07-30T10:25:30.8772988+02:00" endTime="2014-07-30T10:25:30.8772988+02:00" testType="d6af2cae-ad69-4f6b-94e9-14e2609e2389" outcome="Passed" testListId="8c84fa94-04c1-424b-9868-57a2d4851a1d" relativeResultsDirectory="d944dc24-6f5b-4177-99a4-ea2cac3439fb">
    </TestResultAggregation>
    <TestResultAggregation executionId="121b8e8d-d0fe-4408-aa5c-245d4f7a30ef" testId="ee9a69f6-cf44-b467-cc2a-1e750c89a07f" testName="Admin_Dans_La_Bd" computerName="PC-AXINESIS-004" duration="00:00:00.3750000" startTime="2014-07-30T10:25:32.9086618+02:00" endTime="2014-07-30T10:25:33.2836618+02:00" testType="d6af2cae-ad69-4f6b-94e9-14e2609e2389" outcome="Passed" testListId="8c84fa94-04c1-424b-9868-57a2d4851a1d" relativeResultsDirectory="121b8e8d-d0fe-4408-aa5c-245d4f7a30ef">
    </TestResultAggregation>
    <TestResultAggregation executionId="eb473990-ac12-4dec-bd60-85ef0dc31128" testId="eefbf66d-ed2c-e00b-7d18-b2f0db937ce7" testName="Erreur_Robot_HallSensorNotFoundError_Bien_Traite" computerName="PC-AXINESIS-004" startTime="2014-07-30T10:25:32.4711236+02:00" endTime="2014-07-30T10:25:32.4711236+02:00" testType="d6af2cae-ad69-4f6b-94e9-14e2609e2389" outcome="Passed" testListId="8c84fa94-04c1-424b-9868-57a2d4851a1d" relativeResultsDirectory="eb473990-ac12-4dec-bd60-85ef0dc31128">
    </TestResultAggregation>
    <TestResultAggregation executionId="23faaed0-d92a-4814-a980-6acfd4f78220" testId="f00b5c2d-ca8b-087e-0e85-8f38ab6323e5" testName="Jeu_Doit_Etre_Type_Jeu_Avec_Bon_Theme_Moyen" computerName="PC-AXINESIS-004" duration="00:00:00.0160000" startTime="2014-07-30T10:25:34.0958258+02:00" endTime="2014-07-30T10:25:34.1118258+02:00" testType="d6af2cae-ad69-4f6b-94e9-14e2609e2389" outcome="Passed" testListId="8c84fa94-04c1-424b-9868-57a2d4851a1d" relativeResultsDirectory="23faaed0-d92a-4814-a980-6acfd4f78220">
    </TestResultAggregation>
    <TestResultAggregation executionId="8ff55074-3f78-47e3-9023-49e61a42ba36" testId="f12e1a8a-71af-23d0-a32f-22bbf6d801ac" testName="DecoPatient_Oui_Vers_HomeViewModel" computerName="PC-AXINESIS-004" duration="00:00:00.8280000" startTime="2014-07-30T10:25:40.3310338+02:00" endTime="2014-07-30T10:25:41.1590338+02:00" testType="d6af2cae-ad69-4f6b-94e9-14e2609e2389" outcome="Passed" testListId="8c84fa94-04c1-424b-9868-57a2d4851a1d" relativeResultsDirectory="8ff55074-3f78-47e3-9023-49e61a42ba36">
      <Output>
        <TraceInfo>PortSerieModel OK

MainViewModel OK

PortSerieModel OK

</TraceInfo>
      </Output>
    </TestResultAggregation>
    <TestResultAggregation executionId="558f16e4-ac2e-4c73-a7dd-b6836b03ba3c" testId="f3282b9f-62b9-2180-8977-69bed228d06a" testName="Erreur_Robot_SoftwarePositionLimitError_Bien_Traite" computerName="PC-AXINESIS-004" startTime="2014-07-30T10:25:32.5023767+02:00" endTime="2014-07-30T10:25:32.5023767+02:00" testType="d6af2cae-ad69-4f6b-94e9-14e2609e2389" outcome="Passed" testListId="8c84fa94-04c1-424b-9868-57a2d4851a1d" relativeResultsDirectory="558f16e4-ac2e-4c73-a7dd-b6836b03ba3c">
    </TestResultAggregation>
    <TestResultAggregation executionId="9de3d16e-44f1-4b0e-96f3-3fa68c6b0204" testId="f6381e6b-e08a-f44f-1c2d-4a4e13a50dfd" testName="Erreur_Robot_EncoderResolutionError_Bien_Traite" computerName="PC-AXINESIS-004" startTime="2014-07-30T10:25:32.4555002+02:00" endTime="2014-07-30T10:25:32.4555002+02:00" testType="d6af2cae-ad69-4f6b-94e9-14e2609e2389" outcome="Passed" testListId="8c84fa94-04c1-424b-9868-57a2d4851a1d" relativeResultsDirectory="9de3d16e-44f1-4b0e-96f3-3fa68c6b0204">
    </TestResultAggregation>
    <TestResultAggregation executionId="76ec018a-fe25-4246-a994-63813c4733cb" testId="f6827a5d-d000-6b57-1a5d-244c917c4e49" testName="Exercice_Doit_Etre_Type_Carre_Avec_Theme" computerName="PC-AXINESIS-004" startTime="2014-07-30T10:25:33.9555707+02:00" endTime="2014-07-30T10:25:33.9555707+02:00" testType="d6af2cae-ad69-4f6b-94e9-14e2609e2389" outcome="Passed" testListId="8c84fa94-04c1-424b-9868-57a2d4851a1d" relativeResultsDirectory="76ec018a-fe25-4246-a994-63813c4733cb">
    </TestResultAggregation>
    <TestResultAggregation executionId="2ae8df93-a855-4d2e-8f20-9bb4558a1963" testId="f7916e99-2ca8-0ce5-1775-44086440dfca" testName="Exercice_Doit_Avoir_Base_Config" computerName="PC-AXINESIS-004" duration="00:00:00.1250000" startTime="2014-07-30T10:25:33.8305707+02:00" endTime="2014-07-30T10:25:33.9555707+02:00" testType="d6af2cae-ad69-4f6b-94e9-14e2609e2389" outcome="Passed" testListId="8c84fa94-04c1-424b-9868-57a2d4851a1d" relativeResultsDirectory="2ae8df93-a855-4d2e-8f20-9bb4558a1963">
    </TestResultAggregation>
  </Results>
</TestRun>